npm verb cli C:\nvm4w\nodejs\node.exe C:\nvm4w\nodejs\node_modules\npm\bin\npm-cli.js
npm info using npm@10.2.4
npm info using node@v20.11.0
npm verb title npm install hardhat
npm verb argv "install" "--save-dev" "hardhat" "--loglevel" "verbose"
npm verb logfile logs-max:10 dir:C:\Users\sagar\AppData\Local\npm-cache\_logs\2025-09-11T13_07_52_807Z-
npm verb logfile C:\Users\sagar\AppData\Local\npm-cache\_logs\2025-09-11T13_07_52_807Z-debug-0.log
npm http fetch GET 200 https://registry.npmjs.org/@hookform%2fresolvers 302ms (cache revalidated)
npm http fetch GET 200 https://registry.npmjs.org/react-hook-form 55ms (cache revalidated)
npm http fetch GET 200 https://registry.npmjs.org/react 58ms (cache revalidated)
npm http fetch GET 200 https://registry.npmjs.org/@openzeppelin%2fcontracts 373ms (cache revalidated)
npm http fetch GET 200 https://registry.npmjs.org/@supabase%2fauth-helpers-nextjs 1942ms (cache revalidated)
npm http fetch GET 200 https://registry.npmjs.org/@supabase%2fsupabase-js 333ms (cache revalidated)
npm http fetch GET 200 https://registry.npmjs.org/@types%2fgeojson 84ms (cache revalidated)
npm http fetch GET 200 https://registry.npmjs.org/autoprefixer 46ms (cache revalidated)
npm http fetch GET 200 https://registry.npmjs.org/postcss 47ms (cache revalidated)
npm http fetch GET 200 https://registry.npmjs.org/crypto-js 57ms (cache revalidated)
npm http fetch GET 200 https://registry.npmjs.org/jose 64ms (cache revalidated)
npm http fetch GET 200 https://registry.npmjs.org/leaflet 88ms (cache revalidated)
npm http fetch GET 200 https://registry.npmjs.org/lucide-react 145ms (cache updated)
npm http fetch GET 200 https://registry.npmjs.org/next 502ms (cache updated)
npm http fetch GET 200 https://registry.npmjs.org/@opentelemetry%2fapi 382ms (cache revalidated)
npm http fetch GET 200 https://registry.npmjs.org/react-dom 69ms (cache revalidated)
npm http fetch GET 200 https://registry.npmjs.org/sass 64ms (cache revalidated)
npm http fetch GET 200 https://registry.npmjs.org/react-leaflet 70ms (cache revalidated)
npm http fetch GET 200 https://registry.npmjs.org/tailwindcss 164ms (cache updated)
npm http fetch GET 200 https://registry.npmjs.org/web3 879ms (cache revalidated)
npm http fetch GET 200 https://registry.npmjs.org/web3.storage 961ms (cache revalidated)
npm http fetch GET 200 https://registry.npmjs.org/zod 77ms (cache revalidated)
npm http fetch GET 200 https://registry.npmjs.org/@nomiclabs%2fhardhat-ethers 2024ms (cache revalidated)
npm http fetch GET 200 https://registry.npmjs.org/ethers 123ms (cache revalidated)
npm http fetch GET 200 https://registry.npmjs.org/hardhat 880ms (cache revalidated)
npm http fetch GET 200 https://registry.npmjs.org/ts-node 68ms (cache revalidated)
npm http fetch GET 200 https://registry.npmjs.org/@swc%2fcore 91ms (cache revalidated)
npm http fetch GET 200 https://registry.npmjs.org/@swc%2fhelpers 129ms (cache revalidated)
npm http fetch GET 200 https://registry.npmjs.org/@swc%2fwasm 412ms (cache revalidated)
npm http fetch GET 200 https://registry.npmjs.org/@types%2fnode 98ms (cache revalidated)
npm http fetch GET 200 https://registry.npmjs.org/typescript 117ms (cache revalidated)
npm http fetch GET 200 https://registry.npmjs.org/@types%2fcrypto-js 66ms (cache revalidated)
npm http fetch GET 200 https://registry.npmjs.org/@types%2fleaflet 67ms (cache revalidated)
npm http fetch GET 200 https://registry.npmjs.org/@types%2freact 92ms (cache revalidated)
npm http fetch GET 200 https://registry.npmjs.org/@types%2freact-dom 82ms (cache revalidated)
npm http fetch GET 200 https://registry.npmjs.org/dotenv 62ms (cache revalidated)
npm http fetch GET 200 https://registry.npmjs.org/eslint 65ms (cache revalidated)
npm http fetch GET 200 https://registry.npmjs.org/eslint-config-next 87ms (cache revalidated)
npm http fetch GET 200 https://registry.npmjs.org/supabase 45ms (cache revalidated)
npm http fetch GET 200 https://registry.npmjs.org/boxen 2470ms (cache revalidated)
npm http fetch GET 200 https://registry.npmjs.org/set-cookie-parser 3114ms (cache revalidated)
npm http fetch GET 200 https://registry.npmjs.org/picocolors 3088ms (cache revalidated)
npm http fetch GET 200 https://registry.npmjs.org/browserslist 3087ms (cache revalidated)
npm http fetch GET 200 https://registry.npmjs.org/caniuse-lite 3091ms (cache revalidated)
npm http fetch GET 200 https://registry.npmjs.org/fraction.js 3101ms (cache revalidated)
npm http fetch GET 200 https://registry.npmjs.org/@types%2fprop-types 3113ms (cache revalidated)
npm http fetch GET 200 https://registry.npmjs.org/levn 3086ms (cache revalidated)
npm http fetch GET 200 https://registry.npmjs.org/csstype 3115ms (cache revalidated)
npm http fetch GET 200 https://registry.npmjs.org/undici-types 3120ms (cache revalidated)
npm http fetch GET 200 https://registry.npmjs.org/espree 3086ms (cache revalidated)
npm http fetch GET 200 https://registry.npmjs.org/chalk 3090ms (cache revalidated)
npm http fetch GET 200 https://registry.npmjs.org/nanoid 3101ms (cache revalidated)
npm http fetch GET 200 https://registry.npmjs.org/esutils 3088ms (cache revalidated)
npm http fetch GET 200 https://registry.npmjs.org/doctrine 3085ms (cache revalidated)
npm http fetch GET 200 https://registry.npmjs.org/ajv 3097ms (cache revalidated)
npm http fetch GET 200 https://registry.npmjs.org/optionator 3088ms (cache revalidated)
npm http fetch GET 200 https://registry.npmjs.org/is-glob 3094ms (cache revalidated)
npm http fetch GET 200 https://registry.npmjs.org/esquery 3098ms (cache revalidated)
npm http fetch GET 200 https://registry.npmjs.org/js-yaml 3095ms (cache revalidated)
npm http fetch GET 200 https://registry.npmjs.org/debug 3103ms (cache revalidated)
npm http fetch GET 200 https://registry.npmjs.org/source-map-js 3113ms (cache revalidated)
npm http fetch GET 200 https://registry.npmjs.org/minimatch 3096ms (cache revalidated)
npm http fetch GET 200 https://registry.npmjs.org/fast-deep-equal 3085ms (cache revalidated)
npm http fetch GET 200 https://registry.npmjs.org/globals 3102ms (cache revalidated)
npm http fetch GET 200 https://registry.npmjs.org/glob-parent 3095ms (cache revalidated)
npm http fetch GET 200 https://registry.npmjs.org/postcss-value-parser 3122ms (cache revalidated)
npm http fetch GET 200 https://registry.npmjs.org/graphemer 3101ms (cache revalidated)
npm http fetch GET 200 https://registry.npmjs.org/natural-compare 3088ms (cache revalidated)
npm http fetch GET 200 https://registry.npmjs.org/strip-ansi 3100ms (cache revalidated)
npm http fetch GET 200 https://registry.npmjs.org/ignore 3109ms (cache revalidated)
npm http fetch GET 200 https://registry.npmjs.org/imurmurhash 3099ms (cache revalidated)
npm http fetch GET 200 https://registry.npmjs.org/lodash.merge 3112ms (cache revalidated)
npm http fetch GET 200 https://registry.npmjs.org/text-table 3117ms (cache revalidated)
npm http fetch GET 200 https://registry.npmjs.org/@nodelib%2ffs.walk 3106ms (cache revalidated)
npm http fetch GET 200 https://registry.npmjs.org/eslint-scope 3116ms (cache revalidated)
npm http fetch GET 200 https://registry.npmjs.org/file-entry-cache 3108ms (cache revalidated)
npm http fetch GET 200 https://registry.npmjs.org/cross-spawn 3121ms (cache revalidated)
npm http fetch GET 200 https://registry.npmjs.org/@eslint%2fjs 3125ms (cache revalidated)
npm http fetch GET 200 https://registry.npmjs.org/@eslint%2feslintrc 3113ms (cache revalidated)
npm http fetch GET 200 https://registry.npmjs.org/escape-string-regexp 3113ms (cache revalidated)
npm http fetch GET 200 https://registry.npmjs.org/is-path-inside 3122ms (cache revalidated)
npm http fetch GET 200 https://registry.npmjs.org/@humanwhocodes%2fmodule-importer 3110ms (cache revalidated)
npm http fetch GET 200 https://registry.npmjs.org/eslint-visitor-keys 3114ms (cache revalidated)
npm http fetch GET 200 https://registry.npmjs.org/@eslint-community%2fregexpp 3113ms (cache revalidated)
npm http fetch GET 200 https://registry.npmjs.org/normalize-range 3155ms (cache revalidated)
npm http fetch GET 200 https://registry.npmjs.org/eslint-plugin-react 3111ms (cache revalidated)
npm http fetch GET 200 https://registry.npmjs.org/watchpack 3090ms (cache revalidated)
npm http fetch GET 200 https://registry.npmjs.org/@humanwhocodes%2fconfig-array 3121ms (cache revalidated)
npm http fetch GET 200 https://registry.npmjs.org/@ungap%2fstructured-clone 3124ms (cache revalidated)
npm http fetch GET 200 https://registry.npmjs.org/eslint-plugin-import 3119ms (cache revalidated)
npm http fetch GET 200 https://registry.npmjs.org/node-fetch 3086ms (cache revalidated)
npm http fetch GET 200 https://registry.npmjs.org/tar 3089ms (cache revalidated)
npm http fetch GET 200 https://registry.npmjs.org/https-proxy-agent 3089ms (cache revalidated)
npm http fetch GET 200 https://registry.npmjs.org/is-glob 3086ms (cache revalidated)
npm http fetch GET 200 https://registry.npmjs.org/arg 3090ms (cache revalidated)
npm http fetch GET 200 https://registry.npmjs.org/jiti 3089ms (cache revalidated)
npm http fetch GET 200 https://registry.npmjs.org/bin-links 3099ms (cache revalidated)
npm http fetch GET 200 https://registry.npmjs.org/resolve 3094ms (cache revalidated)
npm http fetch GET 200 https://registry.npmjs.org/sucrase 3096ms (cache revalidated)
npm http fetch GET 200 https://registry.npmjs.org/dlv 3102ms (cache revalidated)
npm http fetch GET 200 https://registry.npmjs.org/@next%2fswc-darwin-arm64 3123ms (cache revalidated)
npm http fetch GET 200 https://registry.npmjs.org/@supabase%2ffunctions-js 3242ms (cache revalidated)
npm http fetch GET 200 https://registry.npmjs.org/@supabase%2fstorage-js 3246ms (cache revalidated)
npm http fetch GET 200 https://registry.npmjs.org/@next%2fswc-win32-x64-msvc 3148ms (cache revalidated)
npm http fetch GET 200 https://registry.npmjs.org/@supabase%2fpostgrest-js 3277ms (cache revalidated)
npm http fetch GET 200 https://registry.npmjs.org/@next%2fswc-linux-x64-gnu 3187ms (cache revalidated)
npm http fetch GET 200 https://registry.npmjs.org/@supabase%2fnode-fetch 3317ms (cache revalidated)
npm http fetch GET 200 https://registry.npmjs.org/chokidar 3197ms (cache revalidated)
npm http fetch GET 200 https://registry.npmjs.org/scheduler 3233ms (cache revalidated)
npm http fetch GET 200 https://registry.npmjs.org/fast-glob 3330ms (cache revalidated)
npm http fetch GET 200 https://registry.npmjs.org/@supabase%2frealtime-js 3455ms (cache revalidated)
npm http fetch GET 200 https://registry.npmjs.org/postcss-import 3337ms (cache revalidated)
npm http fetch GET 200 https://registry.npmjs.org/micromatch 3342ms (cache revalidated)
npm http fetch GET 200 https://registry.npmjs.org/didyoumean 3344ms (cache revalidated)
npm http fetch GET 200 https://registry.npmjs.org/postcss-nested 3341ms (cache revalidated)
npm http fetch GET 200 https://registry.npmjs.org/lilconfig 3348ms (cache revalidated)
npm http fetch GET 200 https://registry.npmjs.org/normalize-path 3345ms (cache revalidated)
npm http fetch GET 200 https://registry.npmjs.org/object-hash 3347ms (cache revalidated)
npm http fetch GET 200 https://registry.npmjs.org/@next%2fswc-win32-arm64-msvc 3374ms (cache revalidated)
npm http fetch GET 200 https://registry.npmjs.org/@next%2fswc-linux-arm64-gnu 3416ms (cache revalidated)
npm http fetch GET 200 https://registry.npmjs.org/postcss-js 3432ms (cache revalidated)
npm http fetch GET 200 https://registry.npmjs.org/@next%2fswc-linux-arm64-musl 3462ms (cache revalidated)
npm http fetch GET 200 https://registry.npmjs.org/postcss-selector-parser 3476ms (cache revalidated)
npm http fetch GET 200 https://registry.npmjs.org/@alloc%2fquick-lru 3483ms (cache revalidated)
npm http fetch GET 200 https://registry.npmjs.org/json-stable-stringify-without-jsonify 3544ms (cache revalidated)
npm http fetch GET 200 https://registry.npmjs.org/@react-leaflet%2fcore 3507ms (cache revalidated)
npm http fetch GET 200 https://registry.npmjs.org/busboy 3526ms (cache revalidated)
npm http fetch GET 200 https://registry.npmjs.org/loose-envify 3695ms (cache revalidated)
npm http fetch GET 200 https://registry.npmjs.org/lodash 3679ms (cache revalidated)
npm http fetch GET 200 https://registry.npmjs.org/eslint-plugin-jsx-a11y 3545ms (cache revalidated)
npm http fetch GET 200 https://registry.npmjs.org/ws 3691ms (cache revalidated)
npm http fetch GET 200 https://registry.npmjs.org/eslint-import-resolver-node 3547ms (cache revalidated)
npm http fetch GET 200 https://registry.npmjs.org/p-map 3688ms (cache revalidated)
npm http fetch GET 200 https://registry.npmjs.org/io-ts 3691ms (cache revalidated)
npm http fetch GET 200 https://registry.npmjs.org/debug 3695ms (cache revalidated)
npm http fetch GET 200 https://registry.npmjs.org/fp-ts 3696ms (cache revalidated)
npm http fetch GET 200 https://registry.npmjs.org/caniuse-lite 3536ms (cache revalidated)
npm http fetch GET 200 https://registry.npmjs.org/eslint-plugin-react-hooks 3569ms (cache revalidated)
npm http fetch GET 200 https://registry.npmjs.org/@rushstack%2feslint-patch 3623ms (cache revalidated)
npm http fetch GET 200 https://registry.npmjs.org/libp2p-crypto 3513ms (cache revalidated)
npm http fetch GET 200 https://registry.npmjs.org/keccak 3771ms (cache revalidated)
npm http fetch GET 200 https://registry.npmjs.org/@next%2fenv 3621ms (cache revalidated)
npm http fetch GET 200 https://registry.npmjs.org/@typescript-eslint%2fparser 3679ms (cache revalidated)
npm http fetch GET 200 https://registry.npmjs.org/eslint-import-resolver-typescript 3759ms (cache revalidated)
npm http fetch GET 200 https://registry.npmjs.org/@next%2feslint-plugin-next 3771ms (cache revalidated)
npm http fetch GET 200 https://registry.npmjs.org/@ethersproject%2fproviders 3879ms (cache revalidated)
npm http fetch GET 200 https://registry.npmjs.org/p-retry 3746ms (cache revalidated)
npm http fetch GET 200 https://registry.npmjs.org/postcss-load-config 3811ms (cache revalidated)
npm http fetch GET 200 https://registry.npmjs.org/web3-utils 3834ms (cache revalidated)
npm http fetch GET 200 https://registry.npmjs.org/@eslint-community%2feslint-utils 3944ms (cache revalidated)
npm http fetch GET 200 https://registry.npmjs.org/uuid 4084ms (cache revalidated)
npm http fetch GET 200 https://registry.npmjs.org/semver 4080ms (cache revalidated)
npm http fetch GET 200 https://registry.npmjs.org/ci-info 4100ms (cache revalidated)
npm http fetch GET 200 https://registry.npmjs.org/chokidar 4106ms (cache revalidated)
npm http fetch GET 200 https://registry.npmjs.org/styled-jsx 3965ms (cache revalidated)
npm http fetch GET 200 https://registry.npmjs.org/ansi-escapes 4122ms (cache revalidated)
npm http fetch GET 200 https://registry.npmjs.org/enquirer 4129ms (cache revalidated)
npm http fetch GET 200 https://registry.npmjs.org/resolve 4132ms (cache revalidated)
npm http fetch GET 200 https://registry.npmjs.org/adm-zip 4138ms (cache revalidated)
npm http fetch GET 200 https://registry.npmjs.org/env-paths 4134ms (cache revalidated)
npm http fetch GET 200 https://registry.npmjs.org/aggregate-error 4132ms (cache revalidated)
npm http fetch GET 200 https://registry.npmjs.org/tsort 4151ms (cache revalidated)
npm http fetch GET 200 https://registry.npmjs.org/solc 4158ms (cache revalidated)
npm http fetch GET 200 https://registry.npmjs.org/mocha 4158ms (cache revalidated)
npm http fetch GET 200 https://registry.npmjs.org/undici 4165ms (cache revalidated)
npm http fetch GET 200 https://registry.npmjs.org/picocolors 4161ms (cache revalidated)
npm http fetch GET 200 https://registry.npmjs.org/immutable 4163ms (cache revalidated)
npm http fetch GET 200 https://registry.npmjs.org/stacktrace-parser 4160ms (cache revalidated)
npm http fetch GET 200 https://registry.npmjs.org/raw-body 4168ms (cache revalidated)
npm http fetch GET 200 https://registry.npmjs.org/tinyglobby 4166ms (cache revalidated)
npm http fetch GET 200 https://registry.npmjs.org/fs-extra 4171ms (cache revalidated)
npm http fetch GET 200 https://registry.npmjs.org/micro-eth-signer 4166ms (cache revalidated)
npm http fetch GET 200 https://registry.npmjs.org/find-up 4177ms (cache revalidated)
npm http fetch GET 200 https://registry.npmjs.org/@next%2fswc-linux-x64-musl 4029ms (cache revalidated)
npm http fetch GET 200 https://registry.npmjs.org/@next%2fswc-win32-ia32-msvc 4047ms (cache revalidated)
npm http fetch GET 200 https://registry.npmjs.org/source-map-support 4215ms (cache revalidated)
npm http fetch GET 200 https://registry.npmjs.org/json-stream-stringify 4218ms (cache revalidated)
npm http fetch GET 200 https://registry.npmjs.org/web3-core 4051ms (cache revalidated)
npm http fetch GET 200 https://registry.npmjs.org/@sentry%2fnode 4265ms (cache revalidated)
npm http fetch GET 200 https://registry.npmjs.org/@ethereumjs%2futil 4321ms (cache revalidated)
npm http fetch GET 200 https://registry.npmjs.org/browser-readablestream-to-it 4092ms (cache revalidated)
npm http fetch GET 200 https://registry.npmjs.org/streaming-iterables 4095ms (cache revalidated)
npm http fetch GET 200 https://registry.npmjs.org/web3-eth-accounts 4120ms (cache revalidated)
npm http fetch GET 200 https://registry.npmjs.org/throttled-queue 4114ms (cache revalidated)
npm http fetch GET 200 https://registry.npmjs.org/@nomicfoundation%2fedr 4387ms (cache revalidated)
npm http fetch GET 200 https://registry.npmjs.org/carbites 4159ms (cache revalidated)
npm http fetch GET 200 https://registry.npmjs.org/ipfs-car 4157ms (cache revalidated)
npm http fetch GET 200 https://registry.npmjs.org/@nomicfoundation%2fsolidity-analyzer 4390ms (cache revalidated)
npm http fetch GET 200 https://registry.npmjs.org/files-from-path 4161ms (cache revalidated)
npm http fetch GET 200 https://registry.npmjs.org/web3-validator 4181ms (cache revalidated)
npm http fetch GET 200 https://registry.npmjs.org/web3-eth-abi 4198ms (cache revalidated)
npm http fetch GET 200 https://registry.npmjs.org/w3name 4166ms (cache revalidated)
npm http fetch GET 200 https://registry.npmjs.org/web3-eth-ens 4203ms (cache revalidated)
npm http fetch GET 200 https://registry.npmjs.org/web3-eth-personal 4198ms (cache revalidated)
npm http fetch GET 200 https://registry.npmjs.org/cborg 4193ms (cache revalidated)
npm http fetch GET 200 https://registry.npmjs.org/web3-rpc-providers 4206ms (cache revalidated)
npm http fetch GET 200 https://registry.npmjs.org/web3-providers-http 4208ms (cache revalidated)
npm http fetch GET 200 https://registry.npmjs.org/web3-rpc-methods 4220ms (cache revalidated)
npm http fetch GET 200 https://registry.npmjs.org/uint8arrays 4209ms (cache revalidated)
npm http fetch GET 200 https://registry.npmjs.org/web3-eth-iban 4237ms (cache revalidated)
npm http fetch GET 200 https://registry.npmjs.org/web3-eth-contract 4236ms (cache revalidated)
npm http fetch GET 200 https://registry.npmjs.org/web3-eth 4277ms (cache revalidated)
npm http fetch GET 200 https://registry.npmjs.org/web3-types 4274ms (cache revalidated)
npm http fetch GET 200 https://registry.npmjs.org/web3-errors 4272ms (cache revalidated)
npm http fetch GET 200 https://registry.npmjs.org/web3-net 4289ms (cache revalidated)
npm http fetch GET 200 https://registry.npmjs.org/web3-providers-ws 4261ms (cache revalidated)
npm http fetch GET 200 https://registry.npmjs.org/@supabase%2fauth-js 4459ms (cache revalidated)
npm http fetch GET 200 https://registry.npmjs.org/@supabase%2fauth-helpers-shared 4462ms (cache revalidated)
npm http fetch GET 200 https://registry.npmjs.org/@ethersproject%2fbytes 4492ms (cache revalidated)
npm http fetch GET 200 https://registry.npmjs.org/mnemonist 4507ms (cache revalidated)
npm http fetch GET 200 https://registry.npmjs.org/ethereum-cryptography 4502ms (cache revalidated)
npm http fetch GET 200 https://registry.npmjs.org/@ethersproject%2flogger 4500ms (cache revalidated)
npm http fetch GET 200 https://registry.npmjs.org/@ethersproject%2fwallet 4503ms (cache revalidated)
npm http fetch GET 200 https://registry.npmjs.org/@ethersproject%2fbignumber 4497ms (cache revalidated)
npm http fetch GET 200 https://registry.npmjs.org/@ethersproject%2fcontracts 4503ms (cache revalidated)
npm http fetch GET 200 https://registry.npmjs.org/@ethersproject%2fconstants 4508ms (cache revalidated)
npm http fetch GET 200 https://registry.npmjs.org/@ethersproject%2fpbkdf2 4522ms (cache revalidated)
npm http fetch GET 200 https://registry.npmjs.org/@ethersproject%2fnetworks 4522ms (cache revalidated)
npm http fetch GET 200 https://registry.npmjs.org/@ethersproject%2fbase64 4529ms (cache revalidated)
npm http fetch GET 200 https://registry.npmjs.org/@ethersproject%2fwordlists 4514ms (cache revalidated)
npm http fetch GET 200 https://registry.npmjs.org/@ethersproject%2fsolidity 4521ms (cache revalidated)
npm http fetch GET 200 https://registry.npmjs.org/@ethersproject%2faddress 4530ms (cache revalidated)
npm http fetch GET 200 https://registry.npmjs.org/@ethersproject%2fabstract-provider 4515ms (cache revalidated)
npm http fetch GET 200 https://registry.npmjs.org/@ethersproject%2ftransactions 4518ms (cache revalidated)
npm http fetch GET 200 https://registry.npmjs.org/@ethersproject%2fhdnode 4539ms (cache revalidated)
npm http fetch GET 200 https://registry.npmjs.org/@ethersproject%2frandom 4538ms (cache revalidated)
npm http fetch GET 200 https://registry.npmjs.org/@ethersproject%2fsigning-key 4524ms (cache revalidated)
npm http fetch GET 200 https://registry.npmjs.org/@ethersproject%2fjson-wallets 4526ms (cache revalidated)
npm http fetch GET 200 https://registry.npmjs.org/@ethersproject%2fproperties 4528ms (cache revalidated)
npm http fetch GET 200 https://registry.npmjs.org/@next%2fswc-darwin-x64 4420ms (cache revalidated)
npm http fetch GET 200 https://registry.npmjs.org/@ethersproject%2fabstract-signer 4569ms (cache revalidated)
npm http fetch GET 200 https://registry.npmjs.org/@web-std%2ffetch 4376ms (cache revalidated)
npm http fetch GET 200 https://registry.npmjs.org/@ethersproject%2fsha2 4598ms (cache revalidated)
npm http fetch GET 200 https://registry.npmjs.org/@ethersproject%2fweb 4601ms (cache revalidated)
npm http fetch GET 200 https://registry.npmjs.org/@ethersproject%2funits 4599ms (cache revalidated)
npm http fetch GET 200 https://registry.npmjs.org/@ethersproject%2fhash 4604ms (cache revalidated)
npm http fetch GET 200 https://registry.npmjs.org/@ethersproject%2fabi 4606ms (cache revalidated)
npm http fetch GET 200 https://registry.npmjs.org/@ethersproject%2fbasex 4605ms (cache revalidated)
npm http fetch GET 200 https://registry.npmjs.org/@web-std%2ffile 4385ms (cache revalidated)
npm http fetch GET 200 https://registry.npmjs.org/@ethersproject%2fstrings 4601ms (cache revalidated)
npm http fetch GET 200 https://registry.npmjs.org/@ethersproject%2fkeccak256 4593ms (cache revalidated)
npm http fetch GET 200 https://registry.npmjs.org/@web-std%2fblob 4391ms (cache revalidated)
npm http fetch GET 200 https://registry.npmjs.org/@web3-storage%2fparse-link-header 4389ms (cache revalidated)
npm http fetch GET 200 https://registry.npmjs.org/@ipld%2fcar 4395ms (cache revalidated)
npm http fetch GET 200 https://registry.npmjs.org/@ethersproject%2fabi 4624ms (cache revalidated)
npm http fetch GET 200 https://registry.npmjs.org/@ethersproject%2frlp 4754ms (cache revalidated)
npm http fetch GET 200 https://registry.npmjs.org/whatwg-url 63ms (cache revalidated)
npm http fetch GET 200 https://registry.npmjs.org/@types%2fphoenix 140ms (cache revalidated)
npm http fetch GET 200 https://registry.npmjs.org/@types%2fws 167ms (cache revalidated)
npm http fetch GET 200 https://registry.npmjs.org/webidl-conversions 51ms (cache revalidated)
npm http fetch GET 200 https://registry.npmjs.org/tr46 77ms (cache revalidated)
npm http fetch GET 200 https://registry.npmjs.org/bufferutil 47ms (cache revalidated)
npm http fetch GET 200 https://registry.npmjs.org/utf-8-validate 45ms (cache revalidated)
npm http fetch GET 200 https://registry.npmjs.org/node-releases 56ms (cache revalidated)
npm http fetch GET 200 https://registry.npmjs.org/electron-to-chromium 74ms (cache revalidated)
npm http fetch GET 200 https://registry.npmjs.org/update-browserslist-db 100ms (cache revalidated)
npm http fetch GET 200 https://registry.npmjs.org/escalade 94ms (cache revalidated)
npm http fetch GET 200 https://registry.npmjs.org/@nodelib%2ffs.scandir 412ms (cache revalidated)
npm http fetch GET 200 https://registry.npmjs.org/import-fresh 438ms (cache revalidated)
npm http fetch GET 200 https://registry.npmjs.org/json-schema-traverse 408ms (cache revalidated)
npm http fetch GET 200 https://registry.npmjs.org/ansi-regex 438ms (cache revalidated)
npm http fetch GET 200 https://registry.npmjs.org/word-wrap 443ms (cache revalidated)
npm http fetch GET 200 https://registry.npmjs.org/fastq 510ms (cache revalidated)
npm http fetch GET 200 https://registry.npmjs.org/ansi-styles 500ms (cache revalidated)
npm http fetch GET 200 https://registry.npmjs.org/uri-js 508ms (cache revalidated)
npm http fetch GET 200 https://registry.npmjs.org/strip-json-comments 537ms (cache revalidated)
npm http fetch GET 200 https://registry.npmjs.org/ms 496ms (cache revalidated)
npm http fetch GET 200 https://registry.npmjs.org/fast-json-stable-stringify 510ms (cache revalidated)
npm http fetch GET 200 https://registry.npmjs.org/estraverse 488ms (cache revalidated)
npm http fetch GET 200 https://registry.npmjs.org/estraverse 496ms (cache revalidated)
npm http fetch GET 200 https://registry.npmjs.org/path-key 506ms (cache revalidated)
npm http fetch GET 200 https://registry.npmjs.org/flat-cache 489ms (cache revalidated)
npm http fetch GET 200 https://registry.npmjs.org/which 510ms (cache revalidated)
npm http fetch GET 200 https://registry.npmjs.org/locate-path 490ms (cache revalidated)
npm http fetch GET 200 https://registry.npmjs.org/supports-color 514ms (cache revalidated)
npm http fetch GET 200 https://registry.npmjs.org/acorn-jsx 501ms (cache revalidated)
npm http fetch GET 200 https://registry.npmjs.org/acorn 504ms (cache revalidated)
npm http fetch GET 200 https://registry.npmjs.org/@humanwhocodes%2fobject-schema 549ms (cache revalidated)
npm http fetch GET 200 https://registry.npmjs.org/shebang-command 519ms (cache revalidated)
npm http fetch GET 200 https://registry.npmjs.org/type-check 489ms (cache revalidated)
npm http fetch GET 200 https://registry.npmjs.org/brace-expansion 488ms (cache revalidated)
npm http fetch GET 200 https://registry.npmjs.org/type-fest 506ms (cache revalidated)
npm http fetch GET 200 https://registry.npmjs.org/deep-is 494ms (cache revalidated)
npm http fetch GET 200 https://registry.npmjs.org/type-check 497ms (cache revalidated)
npm http fetch GET 200 https://registry.npmjs.org/esrecurse 534ms (cache revalidated)
npm http fetch GET 200 https://registry.npmjs.org/fast-levenshtein 499ms (cache revalidated)
npm http fetch GET 200 https://registry.npmjs.org/is-extglob 517ms (cache revalidated)
npm http fetch GET 200 https://registry.npmjs.org/argparse 515ms (cache revalidated)
npm http fetch GET 200 https://registry.npmjs.org/path-exists 526ms (cache revalidated)
npm http fetch GET 200 https://registry.npmjs.org/prelude-ls 515ms (cache revalidated)
npm http fetch GET 200 https://registry.npmjs.org/parent-module 36ms (cache revalidated)
npm http fetch GET 200 https://registry.npmjs.org/resolve-from 46ms (cache revalidated)
npm http fetch GET 200 https://registry.npmjs.org/reusify 46ms (cache revalidated)
npm http fetch GET 200 https://registry.npmjs.org/run-parallel 52ms (cache revalidated)
npm http fetch GET 200 https://registry.npmjs.org/@nodelib%2ffs.stat 83ms (cache revalidated)
npm http fetch GET 200 https://registry.npmjs.org/queue-microtask 40ms (cache revalidated)
npm http fetch GET 200 https://registry.npmjs.org/punycode 38ms (cache revalidated)
npm http fetch GET 200 https://registry.npmjs.org/has-flag 48ms (cache revalidated)
npm http fetch GET 200 https://registry.npmjs.org/color-convert 63ms (cache revalidated)
npm http fetch GET 200 https://registry.npmjs.org/color-name 49ms (cache revalidated)
npm http fetch GET 200 https://registry.npmjs.org/shebang-regex 43ms (cache revalidated)
npm http fetch GET 200 https://registry.npmjs.org/isexe 42ms (cache revalidated)
npm http fetch GET 200 https://registry.npmjs.org/eslint-plugin-import-x 141ms (cache revalidated)
npm http fetch GET 200 https://registry.npmjs.org/@typescript-eslint%2futils 203ms (cache revalidated)
npm http fetch GET 200 https://registry.npmjs.org/is-core-module 466ms (cache revalidated)
npm http fetch GET 200 https://registry.npmjs.org/glob 495ms (cache revalidated)
npm http fetch GET 200 https://registry.npmjs.org/stable-hash 467ms (cache revalidated)
npm http fetch GET 200 https://registry.npmjs.org/@typescript-eslint%2ftypes 506ms (cache revalidated)
npm http fetch GET 200 https://registry.npmjs.org/@typescript-eslint%2fscope-manager 546ms (cache revalidated)
npm http fetch GET 200 https://registry.npmjs.org/@typescript-eslint%2ftypescript-estree 601ms (cache revalidated)
npm http fetch GET 200 https://registry.npmjs.org/is-bun-module 645ms (cache revalidated)
npm http fetch GET 200 https://registry.npmjs.org/get-tsconfig 651ms (cache revalidated)
npm http fetch GET 200 https://registry.npmjs.org/unrs-resolver 653ms (cache revalidated)
npm http fetch GET 200 https://registry.npmjs.org/@typescript-eslint%2fvisitor-keys 696ms (cache revalidated)
npm http fetch GET 200 https://registry.npmjs.org/@nolyfill%2fis-core-module 725ms (cache revalidated)
npm http fetch GET 200 https://registry.npmjs.org/jsx-ast-utils 740ms (cache revalidated)
npm http fetch GET 200 https://registry.npmjs.org/string.prototype.matchall 732ms (cache revalidated)
npm http fetch GET 200 https://registry.npmjs.org/@rtsao%2fscc 768ms (cache revalidated)
npm http fetch GET 200 https://registry.npmjs.org/prop-types 736ms (cache revalidated)
npm http fetch GET 200 https://registry.npmjs.org/jsx-ast-utils 740ms (cache revalidated)
npm http fetch GET 200 https://registry.npmjs.org/string.prototype.repeat 738ms (cache revalidated)
npm http fetch GET 200 https://registry.npmjs.org/is-core-module 774ms (cache revalidated)
npm http fetch GET 200 https://registry.npmjs.org/hasown 777ms (cache revalidated)
npm http fetch GET 200 https://registry.npmjs.org/array-includes 783ms (cache revalidated)
npm http fetch GET 200 https://registry.npmjs.org/eslint-module-utils 781ms (cache revalidated)
npm http fetch GET 200 https://registry.npmjs.org/object.fromentries 780ms (cache revalidated)
npm http fetch GET 200 https://registry.npmjs.org/tsconfig-paths 787ms (cache revalidated)
npm http fetch GET 200 https://registry.npmjs.org/object.values 791ms (cache revalidated)
npm http fetch GET 200 https://registry.npmjs.org/string.prototype.trimend 792ms (cache revalidated)
npm http fetch GET 200 https://registry.npmjs.org/array.prototype.flat 801ms (cache revalidated)
npm http fetch GET 200 https://registry.npmjs.org/array.prototype.flatmap 787ms (cache revalidated)
npm http fetch GET 200 https://registry.npmjs.org/object.groupby 796ms (cache revalidated)
npm http fetch GET 200 https://registry.npmjs.org/aria-query 791ms (cache revalidated)
npm http fetch GET 200 https://registry.npmjs.org/string.prototype.includes 783ms (cache revalidated)
npm http fetch GET 200 https://registry.npmjs.org/array.prototype.findlast 780ms (cache revalidated)
npm http fetch GET 200 https://registry.npmjs.org/ast-types-flow 792ms (cache revalidated)
npm http fetch GET 200 https://registry.npmjs.org/axe-core 801ms (cache revalidated)
npm http fetch GET 200 https://registry.npmjs.org/array.prototype.flatmap 853ms (cache revalidated)
npm http fetch GET 200 https://registry.npmjs.org/array.prototype.findlastindex 855ms (cache revalidated)
npm http fetch GET 200 https://registry.npmjs.org/safe-regex-test 836ms (cache revalidated)
npm http fetch GET 200 https://registry.npmjs.org/damerau-levenshtein 839ms (cache revalidated)
npm http fetch GET 200 https://registry.npmjs.org/emoji-regex 839ms (cache revalidated)
npm http fetch GET 200 https://registry.npmjs.org/array.prototype.tosorted 832ms (cache revalidated)
npm http fetch GET 200 https://registry.npmjs.org/axobject-query 843ms (cache revalidated)
npm http fetch GET 200 https://registry.npmjs.org/object.entries 831ms (cache revalidated)
npm http fetch GET 200 https://registry.npmjs.org/array-includes 847ms (cache revalidated)
npm http fetch GET 200 https://registry.npmjs.org/language-tags 842ms (cache revalidated)
npm http fetch GET 200 https://registry.npmjs.org/es-iterator-helpers 835ms (cache revalidated)
npm http fetch GET 200 https://registry.npmjs.org/once 41ms (cache revalidated)
npm http fetch GET 200 https://registry.npmjs.org/fs.realpath 53ms (cache revalidated)
npm http fetch GET 200 https://registry.npmjs.org/inflight 63ms (cache revalidated)
npm http fetch GET 200 https://registry.npmjs.org/path-is-absolute 63ms (cache revalidated)
npm http fetch GET 200 https://registry.npmjs.org/inherits 67ms (cache revalidated)
npm http fetch GET 200 https://registry.npmjs.org/globby 62ms (cache revalidated)
npm http fetch GET 200 https://registry.npmjs.org/ts-api-utils 70ms (cache revalidated)
npm http fetch GET 200 https://registry.npmjs.org/merge2 66ms (cache revalidated)
npm http fetch GET 200 https://registry.npmjs.org/slash 71ms (cache revalidated)
npm http fetch GET 200 https://registry.npmjs.org/array-union 65ms (cache revalidated)
npm http fetch GET 200 https://registry.npmjs.org/dir-glob 72ms (cache revalidated)
npm http fetch GET 200 https://registry.npmjs.org/supports-preserve-symlinks-flag 61ms (cache revalidated)
npm http fetch GET 200 https://registry.npmjs.org/path-parse 87ms (cache revalidated)
npm http fetch GET 200 https://registry.npmjs.org/picomatch 131ms (cache revalidated)
npm http fetch GET 200 https://registry.npmjs.org/fdir 171ms (cache revalidated)
npm http fetch GET 200 https://registry.npmjs.org/napi-postinstall 169ms (cache revalidated)
npm http fetch GET 200 https://registry.npmjs.org/@unrs%2fresolver-binding-linux-arm64-gnu 192ms (cache revalidated)
npm http fetch GET 200 https://registry.npmjs.org/@unrs%2fresolver-binding-linux-arm-musleabihf 193ms (cache revalidated)
npm http fetch GET 200 https://registry.npmjs.org/@unrs%2fresolver-binding-linux-arm64-musl 206ms (cache revalidated)
npm http fetch GET 200 https://registry.npmjs.org/@unrs%2fresolver-binding-linux-ppc64-gnu 216ms (cache revalidated)
npm http fetch GET 200 https://registry.npmjs.org/@unrs%2fresolver-binding-linux-riscv64-gnu 231ms (cache revalidated)
npm http fetch GET 200 https://registry.npmjs.org/@unrs%2fresolver-binding-linux-riscv64-musl 262ms (cache revalidated)
npm http fetch GET 200 https://registry.npmjs.org/@unrs%2fresolver-binding-darwin-x64 286ms (cache revalidated)
npm http fetch GET 200 https://registry.npmjs.org/resolve-pkg-maps 338ms (cache revalidated)
npm http fetch GET 200 https://registry.npmjs.org/@unrs%2fresolver-binding-win32-x64-msvc 440ms (cache revalidated)
npm http fetch GET 200 https://registry.npmjs.org/@unrs%2fresolver-binding-linux-x64-musl 1110ms (cache revalidated)
npm http fetch GET 200 https://registry.npmjs.org/@unrs%2fresolver-binding-win32-arm64-msvc 1117ms (cache revalidated)
npm http fetch GET 200 https://registry.npmjs.org/@unrs%2fresolver-binding-linux-x64-gnu 1117ms (cache revalidated)
npm http fetch GET 200 https://registry.npmjs.org/@unrs%2fresolver-binding-linux-arm-gnueabihf 1106ms (cache revalidated)
npm http fetch GET 200 https://registry.npmjs.org/@unrs%2fresolver-binding-linux-s390x-gnu 1120ms (cache revalidated)
npm http fetch GET 200 https://registry.npmjs.org/@unrs%2fresolver-binding-darwin-arm64 1120ms (cache revalidated)
npm http fetch GET 200 https://registry.npmjs.org/@unrs%2fresolver-binding-win32-ia32-msvc 1725ms (cache revalidated)
npm http fetch GET 200 https://registry.npmjs.org/@unrs%2fresolver-binding-android-arm-eabi 1740ms (cache revalidated)
npm http fetch GET 200 https://registry.npmjs.org/@unrs%2fresolver-binding-freebsd-x64 1768ms (cache revalidated)
npm http fetch GET 200 https://registry.npmjs.org/@unrs%2fresolver-binding-android-arm64 1777ms (cache revalidated)
npm http fetch GET 200 https://registry.npmjs.org/@unrs%2fresolver-binding-wasm32-wasi 1810ms (cache revalidated)
npm http fetch GET 200 https://registry.npmjs.org/call-bind 186ms (cache revalidated)
npm http fetch GET 200 https://registry.npmjs.org/get-intrinsic 182ms (cache revalidated)
npm http fetch GET 200 https://registry.npmjs.org/es-shim-unscopables 180ms (cache revalidated)
npm http fetch GET 200 https://registry.npmjs.org/is-string 197ms (cache revalidated)
npm http fetch GET 200 https://registry.npmjs.org/es-object-atoms 224ms (cache revalidated)
npm http fetch GET 200 https://registry.npmjs.org/call-bound 238ms (cache revalidated)
npm http fetch GET 200 https://registry.npmjs.org/es-errors 221ms (cache revalidated)
npm http fetch GET 200 https://registry.npmjs.org/define-properties 259ms (cache revalidated)
npm http fetch GET 200 https://registry.npmjs.org/call-bind 201ms (cache revalidated)
npm http fetch GET 200 https://registry.npmjs.org/json5 183ms (cache revalidated)
npm http fetch GET 200 https://registry.npmjs.org/es-abstract 268ms (cache revalidated)
npm http fetch GET 200 https://registry.npmjs.org/es-shim-unscopables 250ms (cache revalidated)
npm http fetch GET 200 https://registry.npmjs.org/math-intrinsics 270ms (cache revalidated)
npm http fetch GET 200 https://registry.npmjs.org/call-bound 198ms (cache revalidated)
npm http fetch GET 200 https://registry.npmjs.org/function-bind 223ms (cache revalidated)
npm http fetch GET 200 https://registry.npmjs.org/es-abstract 259ms (cache revalidated)
npm http fetch GET 200 https://registry.npmjs.org/minimist 201ms (cache revalidated)
npm http fetch GET 200 https://registry.npmjs.org/es-object-atoms 227ms (cache revalidated)
npm http fetch GET 200 https://registry.npmjs.org/es-abstract 281ms (cache revalidated)
npm http fetch GET 200 https://registry.npmjs.org/es-abstract 239ms (cache revalidated)
npm http fetch GET 200 https://registry.npmjs.org/call-bound 234ms (cache revalidated)
npm http fetch GET 200 https://registry.npmjs.org/strip-bom 220ms (cache revalidated)
npm http fetch GET 200 https://registry.npmjs.org/@types%2fjson5 220ms (cache revalidated)
npm http fetch GET 200 https://registry.npmjs.org/es-define-property 315ms (cache revalidated)
npm http fetch GET 200 https://registry.npmjs.org/es-define-property 301ms (cache revalidated)
npm http fetch GET 200 https://registry.npmjs.org/set-function-length 315ms (cache revalidated)
npm http fetch GET 200 https://registry.npmjs.org/array-buffer-byte-length 306ms (cache revalidated)
npm http fetch GET 200 https://registry.npmjs.org/has-property-descriptors 310ms (cache revalidated)
npm http fetch GET 200 https://registry.npmjs.org/arraybuffer.prototype.slice 307ms (cache revalidated)
npm http fetch GET 200 https://registry.npmjs.org/define-data-property 312ms (cache revalidated)
npm http fetch GET 200 https://registry.npmjs.org/call-bind-apply-helpers 320ms (cache revalidated)
npm http fetch GET 200 https://registry.npmjs.org/available-typed-arrays 308ms (cache revalidated)
npm http fetch GET 200 https://registry.npmjs.org/data-view-byte-length 307ms (cache revalidated)
npm http fetch GET 200 https://registry.npmjs.org/call-bind-apply-helpers 318ms (cache revalidated)
npm http fetch GET 200 https://registry.npmjs.org/es-set-tostringtag 306ms (cache revalidated)
npm http fetch GET 200 https://registry.npmjs.org/object-keys 315ms (cache revalidated)
npm http fetch GET 200 https://registry.npmjs.org/es-to-primitive 307ms (cache revalidated)
npm http fetch GET 200 https://registry.npmjs.org/data-view-buffer 313ms (cache revalidated)
npm http fetch GET 200 https://registry.npmjs.org/get-proto 372ms (cache revalidated)
npm http fetch GET 200 https://registry.npmjs.org/get-symbol-description 374ms (cache revalidated)
npm http fetch GET 200 https://registry.npmjs.org/has-property-descriptors 373ms (cache revalidated)
npm http fetch GET 200 https://registry.npmjs.org/gopd 374ms (cache revalidated)
npm http fetch GET 200 https://registry.npmjs.org/data-view-byte-offset 385ms (cache revalidated)
npm http fetch GET 200 https://registry.npmjs.org/globalthis 377ms (cache revalidated)
npm http fetch GET 200 https://registry.npmjs.org/is-data-view 372ms (cache revalidated)
npm http fetch GET 200 https://registry.npmjs.org/is-negative-zero 374ms (cache revalidated)
npm http fetch GET 200 https://registry.npmjs.org/function.prototype.name 387ms (cache revalidated)
npm http fetch GET 200 https://registry.npmjs.org/is-set 380ms (cache revalidated)
npm http fetch GET 200 https://registry.npmjs.org/has-proto 386ms (cache revalidated)
npm http fetch GET 200 https://registry.npmjs.org/has-symbols 387ms (cache revalidated)
npm http fetch GET 200 https://registry.npmjs.org/is-callable 385ms (cache revalidated)
npm http fetch GET 200 https://registry.npmjs.org/internal-slot 388ms (cache revalidated)
npm http fetch GET 200 https://registry.npmjs.org/is-array-buffer 391ms (cache revalidated)
npm http fetch GET 200 https://registry.npmjs.org/is-regex 412ms (cache revalidated)
npm http fetch GET 200 https://registry.npmjs.org/is-typed-array 424ms (cache revalidated)
npm http fetch GET 200 https://registry.npmjs.org/object-inspect 442ms (cache revalidated)
npm http fetch GET 200 https://registry.npmjs.org/is-shared-array-buffer 450ms (cache revalidated)
npm http fetch GET 200 https://registry.npmjs.org/is-weakref 451ms (cache revalidated)
npm http fetch GET 200 https://registry.npmjs.org/safe-array-concat 448ms (cache revalidated)
npm http fetch GET 200 https://registry.npmjs.org/stop-iteration-iterator 447ms (cache revalidated)
npm http fetch GET 200 https://registry.npmjs.org/safe-push-apply 449ms (cache revalidated)
npm http fetch GET 200 https://registry.npmjs.org/set-proto 450ms (cache revalidated)
npm http fetch GET 200 https://registry.npmjs.org/object.assign 455ms (cache revalidated)
npm http fetch GET 200 https://registry.npmjs.org/string.prototype.trim 452ms (cache revalidated)
npm http fetch GET 200 https://registry.npmjs.org/own-keys 457ms (cache revalidated)
npm http fetch GET 200 https://registry.npmjs.org/typed-array-byte-length 446ms (cache revalidated)
npm http fetch GET 200 https://registry.npmjs.org/unbox-primitive 446ms (cache revalidated)
npm http fetch GET 200 https://registry.npmjs.org/typed-array-buffer 450ms (cache revalidated)
npm http fetch GET 200 https://registry.npmjs.org/has-tostringtag 441ms (cache revalidated)
npm http fetch GET 200 https://registry.npmjs.org/typed-array-byte-offset 450ms (cache revalidated)
npm http fetch GET 200 https://registry.npmjs.org/regexp.prototype.flags 464ms (cache revalidated)
npm http fetch GET 200 https://registry.npmjs.org/string.prototype.trimstart 461ms (cache revalidated)
npm http fetch GET 200 https://registry.npmjs.org/typed-array-length 453ms (cache revalidated)
npm http fetch GET 200 https://registry.npmjs.org/which-typed-array 452ms (cache revalidated)
npm http fetch GET 200 https://registry.npmjs.org/is-symbol 135ms (cache revalidated)
npm http fetch GET 200 https://registry.npmjs.org/possible-typed-array-names 145ms (cache revalidated)
npm http fetch GET 200 https://registry.npmjs.org/dunder-proto 151ms (cache revalidated)
npm http fetch GET 200 https://registry.npmjs.org/for-each 121ms (cache revalidated)
npm http fetch GET 200 https://registry.npmjs.org/set-function-name 135ms (cache revalidated)
npm http fetch GET 200 https://registry.npmjs.org/dunder-proto 155ms (cache revalidated)
npm http fetch GET 200 https://registry.npmjs.org/which-boxed-primitive 123ms (cache revalidated)
npm http fetch GET 200 https://registry.npmjs.org/is-date-object 188ms (cache revalidated)
npm http fetch GET 200 https://registry.npmjs.org/functions-have-names 188ms (cache revalidated)
npm http fetch GET 200 https://registry.npmjs.org/reflect.getprototypeof 151ms (cache revalidated)
npm http fetch GET 200 https://registry.npmjs.org/isarray 167ms (cache revalidated)
npm http fetch GET 200 https://registry.npmjs.org/side-channel 186ms (cache revalidated)
npm http fetch GET 200 https://registry.npmjs.org/has-bigints 149ms (cache revalidated)
npm http fetch GET 200 https://registry.npmjs.org/for-each 147ms (cache revalidated)
npm http fetch GET 200 https://registry.npmjs.org/reflect.getprototypeof 153ms (cache revalidated)
npm http fetch GET 200 https://registry.npmjs.org/language-subtag-registry 64ms (cache revalidated)
npm http fetch GET 200 https://registry.npmjs.org/iterator.prototype 73ms (cache revalidated)
npm http fetch GET 200 https://registry.npmjs.org/react-is 73ms (cache revalidated)
npm http fetch GET 200 https://registry.npmjs.org/object-assign 112ms (cache revalidated)
npm http fetch GET 200 https://registry.npmjs.org/elliptic 88ms (cache revalidated)
npm http fetch GET 200 https://registry.npmjs.org/aes-js 134ms (cache revalidated)
npm http fetch GET 200 https://registry.npmjs.org/bn.js 175ms (cache revalidated)
npm http fetch GET 200 https://registry.npmjs.org/js-sha3 154ms (cache revalidated)
npm http fetch GET 200 https://registry.npmjs.org/hash.js 139ms (cache revalidated)
npm http fetch GET 200 https://registry.npmjs.org/scrypt-js 926ms (cache revalidated)
npm http fetch GET 200 https://registry.npmjs.org/bech32 908ms (cache revalidated)
npm http fetch GET 200 https://registry.npmjs.org/minimalistic-assert 78ms (cache revalidated)
npm http fetch GET 200 https://registry.npmjs.org/minimalistic-crypto-utils 98ms (cache revalidated)
npm http fetch GET 200 https://registry.npmjs.org/brorand 146ms (cache revalidated)
npm http fetch GET 200 https://registry.npmjs.org/hmac-drbg 158ms (cache revalidated)
npm http fetch GET 200 https://registry.npmjs.org/keyv 74ms (cache revalidated)
npm http fetch GET 200 https://registry.npmjs.org/rimraf 84ms (cache revalidated)
npm http fetch GET 200 https://registry.npmjs.org/flatted 110ms (cache revalidated)
npm http fetch GET 200 https://registry.npmjs.org/p-locate 59ms (cache revalidated)
npm http fetch GET 200 https://registry.npmjs.org/json-buffer 49ms (cache revalidated)
npm http fetch GET 200 https://registry.npmjs.org/wrappy 77ms (cache revalidated)
npm http fetch GET 200 https://registry.npmjs.org/path-type 89ms (cache revalidated)
npm http fetch GET 200 https://registry.npmjs.org/braces 65ms (cache revalidated)
npm http fetch GET 200 https://registry.npmjs.org/tslib 380ms (cache revalidated)
npm http fetch GET 200 https://registry.npmjs.org/@sentry%2fcore 610ms (cache revalidated)
npm http fetch GET 200 https://registry.npmjs.org/@nomicfoundation%2fedr-darwin-x64 833ms (cache revalidated)
npm http fetch GET 200 https://registry.npmjs.org/@nomicfoundation%2fsolidity-analyzer-darwin-x64 808ms (cache revalidated)
npm http fetch GET 200 https://registry.npmjs.org/@nomicfoundation%2fsolidity-analyzer-linux-arm64-gnu 802ms (cache revalidated)
npm http fetch GET 200 https://registry.npmjs.org/@nomicfoundation%2fsolidity-analyzer-win32-x64-msvc 777ms (cache revalidated)
npm http fetch GET 200 https://registry.npmjs.org/@nomicfoundation%2fsolidity-analyzer-linux-arm64-musl 799ms (cache revalidated)
npm http fetch GET 200 https://registry.npmjs.org/@nomicfoundation%2fedr-linux-arm64-musl 826ms (cache revalidated)
npm http fetch GET 200 https://registry.npmjs.org/@nomicfoundation%2fedr-linux-x64-gnu 836ms (cache revalidated)
npm http fetch GET 200 https://registry.npmjs.org/@nomicfoundation%2fedr-win32-x64-msvc 834ms (cache revalidated)
npm http fetch GET 200 https://registry.npmjs.org/@ethereumjs%2frlp 845ms (cache revalidated)
npm http fetch GET 200 https://registry.npmjs.org/@nomicfoundation%2fsolidity-analyzer-darwin-arm64 821ms (cache revalidated)
npm http fetch GET 200 https://registry.npmjs.org/@nomicfoundation%2fsolidity-analyzer-linux-x64-musl 789ms (cache revalidated)
npm http fetch GET 200 https://registry.npmjs.org/camelcase 757ms (cache revalidated)
npm http fetch GET 200 https://registry.npmjs.org/@nomicfoundation%2fedr-darwin-arm64 887ms (cache revalidated)
npm http fetch GET 200 https://registry.npmjs.org/indent-string 792ms (cache revalidated)
npm http fetch GET 200 https://registry.npmjs.org/clean-stack 795ms (cache revalidated)
npm http fetch GET 200 https://registry.npmjs.org/cli-boxes 778ms (cache revalidated)
npm http fetch GET 200 https://registry.npmjs.org/@nomicfoundation%2fedr-linux-x64-musl 890ms (cache revalidated)
npm http fetch GET 200 https://registry.npmjs.org/@sentry%2fhub 819ms (cache revalidated)
npm http fetch GET 200 https://registry.npmjs.org/lru_map 827ms (cache revalidated)
npm http fetch GET 200 https://registry.npmjs.org/string-width 784ms (cache revalidated)
npm http fetch GET 200 https://registry.npmjs.org/widest-line 791ms (cache revalidated)
npm http fetch GET 200 https://registry.npmjs.org/ansi-align 794ms (cache revalidated)
npm http fetch GET 200 https://registry.npmjs.org/cookie 838ms (cache revalidated)
npm http fetch GET 200 https://registry.npmjs.org/wrap-ansi 806ms (cache revalidated)
npm http fetch GET 200 https://registry.npmjs.org/ansi-colors 790ms (cache revalidated)
npm http fetch GET 200 https://registry.npmjs.org/readdirp 801ms (cache revalidated)
npm http fetch GET 200 https://registry.npmjs.org/universalify 772ms (cache revalidated)
npm http fetch GET 200 https://registry.npmjs.org/jsonfile 777ms (cache revalidated)
npm http fetch GET 200 https://registry.npmjs.org/graceful-fs 777ms (cache revalidated)
npm http fetch GET 200 https://registry.npmjs.org/readable-stream 770ms (cache revalidated)
npm http fetch GET 200 https://registry.npmjs.org/node-addon-api 784ms (cache revalidated)
npm http fetch GET 200 https://registry.npmjs.org/workerpool 763ms (cache revalidated)
npm http fetch GET 200 https://registry.npmjs.org/he 777ms (cache revalidated)
npm http fetch GET 200 https://registry.npmjs.org/micro-packed 789ms (cache revalidated)
npm http fetch GET 200 https://registry.npmjs.org/@noble%2fcurves 794ms (cache revalidated)
npm http fetch GET 200 https://registry.npmjs.org/log-symbols 778ms (cache revalidated)
npm http fetch GET 200 https://registry.npmjs.org/yargs-parser 780ms (cache revalidated)
npm http fetch GET 200 https://registry.npmjs.org/obliterator 800ms (cache revalidated)
npm http fetch GET 200 https://registry.npmjs.org/yargs 801ms (cache revalidated)
npm http fetch GET 200 https://registry.npmjs.org/serialize-javascript 811ms (cache revalidated)
npm http fetch GET 200 https://registry.npmjs.org/bytes 808ms (cache revalidated)
npm http fetch GET 200 https://registry.npmjs.org/ansi-colors 817ms (cache revalidated)
npm http fetch GET 200 https://registry.npmjs.org/iconv-lite 809ms (cache revalidated)
npm http fetch GET 200 https://registry.npmjs.org/@nomicfoundation%2fsolidity-analyzer-linux-x64-gnu 978ms (cache revalidated)
npm http fetch GET 200 https://registry.npmjs.org/browser-stdout 834ms (cache revalidated)
npm http fetch GET 200 https://registry.npmjs.org/diff 848ms (cache revalidated)
npm http fetch GET 200 https://registry.npmjs.org/unpipe 833ms (cache revalidated)
npm http fetch GET 200 https://registry.npmjs.org/tmp 827ms (cache revalidated)
npm http fetch GET 200 https://registry.npmjs.org/@sentry%2ftypes 957ms (cache revalidated)
npm http fetch GET 200 https://registry.npmjs.org/@sentry%2futils 963ms (cache revalidated)
npm http fetch GET 200 https://registry.npmjs.org/commander 856ms (cache revalidated)
npm http fetch GET 200 https://registry.npmjs.org/yargs-unparser 884ms (cache revalidated)
npm http fetch GET 200 https://registry.npmjs.org/buffer-from 865ms (cache revalidated)
npm http fetch GET 200 https://registry.npmjs.org/follow-redirects 868ms (cache revalidated)
npm http fetch GET 200 https://registry.npmjs.org/node-gyp-build 916ms (cache revalidated)
npm http fetch GET 200 https://registry.npmjs.org/source-map 869ms (cache revalidated)
npm http fetch GET 200 https://registry.npmjs.org/@noble%2fhashes 917ms (cache revalidated)
npm http fetch GET 200 https://registry.npmjs.org/@nomicfoundation%2fedr-linux-arm64-gnu 1091ms (cache revalidated)
npm http fetch GET 200 https://registry.npmjs.org/command-exists 888ms (cache revalidated)
npm http fetch GET 200 https://registry.npmjs.org/http-errors 899ms (cache revalidated)
npm http fetch GET 200 https://registry.npmjs.org/@fastify%2fbusboy 883ms (cache revalidated)
npm http fetch GET 200 https://registry.npmjs.org/@scure%2fbip39 964ms (cache revalidated)
npm http fetch GET 200 https://registry.npmjs.org/@scure%2fbip32 972ms (cache revalidated)
npm http fetch GET 200 https://registry.npmjs.org/@noble%2fhashes 981ms (cache revalidated)
npm http fetch GET 200 https://registry.npmjs.org/@noble%2fsecp256k1 1002ms (cache revalidated)
npm http fetch GET 200 https://registry.npmjs.org/@sentry%2ftracing 1075ms (cache revalidated)
npm http fetch GET 200 https://registry.npmjs.org/memorystream 1734ms (cache revalidated)
npm http fetch GET 200 https://registry.npmjs.org/agent-base 71ms (cache revalidated)
npm http fetch GET 200 https://registry.npmjs.org/@sentry%2fminimal 381ms (cache revalidated)
npm http fetch GET 200 https://registry.npmjs.org/is-fullwidth-code-point 63ms (cache revalidated)
npm http fetch GET 200 https://registry.npmjs.org/@scure%2fbase 338ms (cache revalidated)
npm http fetch GET 200 https://registry.npmjs.org/callsites 53ms (cache revalidated)
npm http fetch GET 200 https://registry.npmjs.org/side-channel-list 196ms (cache revalidated)
npm http fetch GET 200 https://registry.npmjs.org/side-channel-map 195ms (cache revalidated)
npm http fetch GET 200 https://registry.npmjs.org/side-channel-weakmap 239ms (cache revalidated)
npm http fetch GET 200 https://registry.npmjs.org/string_decoder 49ms (cache revalidated)
npm http fetch GET 200 https://registry.npmjs.org/util-deprecate 53ms (cache revalidated)
npm http fetch GET 200 https://registry.npmjs.org/p-limit 62ms (cache revalidated)
npm http fetch GET 200 https://registry.npmjs.org/fill-range 50ms (cache revalidated)
npm http fetch GET 200 https://registry.npmjs.org/to-regex-range 46ms (cache revalidated)
npm http fetch GET 200 https://registry.npmjs.org/is-number 70ms (cache revalidated)
npm http fetch GET 200 https://registry.npmjs.org/balanced-match 71ms (cache revalidated)
npm http fetch GET 200 https://registry.npmjs.org/concat-map 74ms (cache revalidated)
npm http fetch GET 200 https://registry.npmjs.org/anymatch 120ms (cache revalidated)
npm http fetch GET 200 https://registry.npmjs.org/fsevents 121ms (cache revalidated)
npm http fetch GET 200 https://registry.npmjs.org/is-binary-path 135ms (cache revalidated)
npm http fetch GET 200 https://registry.npmjs.org/y18n 109ms (cache revalidated)
npm http fetch GET 200 https://registry.npmjs.org/is-unicode-supported 132ms (cache revalidated)
npm http fetch GET 200 https://registry.npmjs.org/require-directory 115ms (cache revalidated)
npm http fetch GET 200 https://registry.npmjs.org/get-caller-file 118ms (cache revalidated)
npm http fetch GET 200 https://registry.npmjs.org/cliui 122ms (cache revalidated)
npm http fetch GET 200 https://registry.npmjs.org/is-plain-obj 120ms (cache revalidated)
npm http fetch GET 200 https://registry.npmjs.org/decamelize 128ms (cache revalidated)
npm http fetch GET 200 https://registry.npmjs.org/flat 133ms (cache revalidated)
npm http fetch GET 200 https://registry.npmjs.org/randombytes 885ms (cache revalidated)
npm http fetch GET 200 https://registry.npmjs.org/glob-to-regexp 45ms (cache revalidated)
npm http fetch GET 200 https://registry.npmjs.org/streamsearch 86ms (cache revalidated)
npm http fetch GET 200 https://registry.npmjs.org/client-only 85ms (cache revalidated)
npm http fetch GET 200 https://registry.npmjs.org/yocto-queue 40ms (cache revalidated)
npm http fetch GET 200 https://registry.npmjs.org/js-tokens 82ms (cache revalidated)
npm http fetch GET 200 https://registry.npmjs.org/statuses 71ms (cache revalidated)
npm http fetch GET 200 https://registry.npmjs.org/safer-buffer 64ms (cache revalidated)
npm http fetch GET 200 https://registry.npmjs.org/depd 89ms (cache revalidated)
npm http fetch GET 200 https://registry.npmjs.org/toidentifier 92ms (cache revalidated)
npm http fetch GET 200 https://registry.npmjs.org/setprototypeof 92ms (cache revalidated)
npm http fetch GET 200 https://registry.npmjs.org/safe-buffer 48ms (cache revalidated)
npm http fetch GET 200 https://registry.npmjs.org/os-tmpdir 64ms (cache revalidated)
npm http fetch GET 200 https://registry.npmjs.org/fetch-blob 97ms (cache revalidated)
npm http fetch GET 200 https://registry.npmjs.org/data-uri-to-buffer 116ms (cache revalidated)
npm http fetch GET 200 https://registry.npmjs.org/npm-normalize-package-bin 124ms (cache revalidated)
npm http fetch GET 200 https://registry.npmjs.org/mkdirp 113ms (cache revalidated)
npm http fetch GET 200 https://registry.npmjs.org/formdata-polyfill 123ms (cache revalidated)
npm http fetch GET 200 https://registry.npmjs.org/read-cmd-shim 156ms (cache revalidated)
npm http fetch GET 200 https://registry.npmjs.org/cmd-shim 171ms (cache revalidated)
npm http fetch GET 200 https://registry.npmjs.org/yallist 156ms (cache revalidated)
npm http fetch GET 200 https://registry.npmjs.org/chownr 168ms (cache revalidated)
npm http fetch GET 200 https://registry.npmjs.org/proc-log 187ms (cache revalidated)
npm http fetch GET 200 https://registry.npmjs.org/write-file-atomic 183ms (cache revalidated)
npm http fetch GET 200 https://registry.npmjs.org/minipass 174ms (cache revalidated)
npm http fetch GET 200 https://registry.npmjs.org/minizlib 178ms (cache revalidated)
npm http fetch GET 200 https://registry.npmjs.org/@isaacs%2ffs-minipass 186ms (cache revalidated)
npm http fetch GET 200 https://registry.npmjs.org/signal-exit 44ms (cache revalidated)
npm http fetch GET 200 https://registry.npmjs.org/node-domexception 40ms (cache revalidated)
npm http fetch GET 200 https://registry.npmjs.org/web-streams-polyfill 49ms (cache revalidated)
npm http fetch GET 200 https://registry.npmjs.org/cssesc 62ms (cache revalidated)
npm http fetch GET 200 https://registry.npmjs.org/lines-and-columns 64ms (cache revalidated)
npm http fetch GET 200 https://registry.npmjs.org/read-cache 101ms (cache revalidated)
npm http fetch GET 200 https://registry.npmjs.org/yaml 90ms (cache revalidated)
npm http fetch GET 200 https://registry.npmjs.org/pirates 79ms (cache revalidated)
npm http fetch GET 200 https://registry.npmjs.org/camelcase-css 112ms (cache revalidated)
npm http fetch GET 200 https://registry.npmjs.org/ts-interface-checker 89ms (cache revalidated)
npm http fetch GET 200 https://registry.npmjs.org/mz 115ms (cache revalidated)
npm http fetch GET 200 https://registry.npmjs.org/@jridgewell%2fgen-mapping 129ms (cache revalidated)
npm http fetch GET 200 https://registry.npmjs.org/pify 40ms (cache revalidated)
npm http fetch GET 200 https://registry.npmjs.org/foreground-child 72ms (cache revalidated)
npm http fetch GET 200 https://registry.npmjs.org/any-promise 71ms (cache revalidated)
npm http fetch GET 200 https://registry.npmjs.org/@jridgewell%2ftrace-mapping 85ms (cache revalidated)
npm http fetch GET 200 https://registry.npmjs.org/path-scurry 96ms (cache revalidated)
npm http fetch GET 200 https://registry.npmjs.org/package-json-from-dist 97ms (cache revalidated)
npm http fetch GET 200 https://registry.npmjs.org/@jridgewell%2fsourcemap-codec 120ms (cache revalidated)
npm http fetch GET 200 https://registry.npmjs.org/thenify-all 112ms (cache revalidated)
npm http fetch GET 200 https://registry.npmjs.org/jackspeak 125ms (cache revalidated)
npm http fetch GET 200 https://registry.npmjs.org/@jridgewell%2fresolve-uri 88ms (cache revalidated)
npm http fetch GET 200 https://registry.npmjs.org/thenify 160ms (cache revalidated)
npm http fetch GET 200 https://registry.npmjs.org/which-builtin-type 74ms (cache revalidated)
npm http fetch GET 200 https://registry.npmjs.org/is-generator-function 78ms (cache revalidated)
npm http fetch GET 200 https://registry.npmjs.org/is-finalizationregistry 112ms (cache revalidated)
npm http fetch GET 200 https://registry.npmjs.org/which-collection 103ms (cache revalidated)
npm http fetch GET 200 https://registry.npmjs.org/is-async-function 146ms (cache revalidated)
npm http fetch GET 200 https://registry.npmjs.org/is-number-object 52ms (cache revalidated)
npm http fetch GET 200 https://registry.npmjs.org/is-boolean-object 55ms (cache revalidated)
npm http fetch GET 200 https://registry.npmjs.org/is-bigint 62ms (cache revalidated)
npm http fetch GET 200 https://registry.npmjs.org/@napi-rs%2fwasm-runtime 118ms (cache revalidated)
npm http fetch GET 200 https://registry.npmjs.org/@emnapi%2fcore 76ms (cache revalidated)
npm http fetch GET 200 https://registry.npmjs.org/@emnapi%2fruntime 89ms (cache revalidated)
npm http fetch GET 200 https://registry.npmjs.org/@tybys%2fwasm-util 156ms (cache revalidated)
npm http fetch GET 200 https://registry.npmjs.org/@emnapi%2fwasi-threads 381ms (cache revalidated)
npm http fetch GET 200 https://registry.npmjs.org/util 68ms (cache revalidated)
npm http fetch GET 200 https://registry.npmjs.org/setimmediate 112ms (cache revalidated)
npm http fetch GET 200 https://registry.npmjs.org/cross-fetch 93ms (cache revalidated)
npm http fetch GET 200 https://registry.npmjs.org/crc-32 114ms (cache revalidated)
npm http fetch GET 200 https://registry.npmjs.org/eventemitter3 89ms (cache revalidated)
npm http fetch GET 200 https://registry.npmjs.org/isomorphic-ws 116ms (cache revalidated)
npm http fetch GET 200 https://registry.npmjs.org/abitype 146ms (cache revalidated)
npm http fetch GET 200 https://registry.npmjs.org/@adraffy%2fens-normalize 148ms (cache revalidated)
npm http fetch GET 200 https://registry.npmjs.org/web3-providers-ipc 930ms (cache revalidated)
npm http fetch GET 200 https://registry.npmjs.org/encoding 61ms (cache revalidated)
npm http fetch GET 200 https://registry.npmjs.org/is-arguments 44ms (cache revalidated)
npm http fetch GET 200 https://registry.npmjs.org/mrmime 223ms (cache revalidated)
npm http fetch GET 200 https://registry.npmjs.org/multiformats 254ms (cache revalidated)
npm http fetch GET 200 https://registry.npmjs.org/err-code 207ms (cache revalidated)
npm http fetch GET 200 https://registry.npmjs.org/varint 272ms (cache revalidated)
npm http fetch GET 200 https://registry.npmjs.org/abort-controller 250ms (cache revalidated)
npm http fetch GET 200 https://registry.npmjs.org/web-encoding 266ms (cache revalidated)
npm http fetch GET 200 https://registry.npmjs.org/multiformats 231ms (cache revalidated)
npm http fetch GET 200 https://registry.npmjs.org/meow 230ms (cache revalidated)
npm http fetch GET 200 https://registry.npmjs.org/bl 236ms (cache revalidated)
npm http fetch GET 200 https://registry.npmjs.org/it-glob 248ms (cache revalidated)
npm http fetch GET 200 https://registry.npmjs.org/multiformats 242ms (cache revalidated)
npm http fetch GET 200 https://registry.npmjs.org/move-file 254ms (cache revalidated)
npm http fetch GET 200 https://registry.npmjs.org/idb-keyval 256ms (cache revalidated)
npm http fetch GET 200 https://registry.npmjs.org/ipfs-utils 265ms (cache revalidated)
npm http fetch GET 200 https://registry.npmjs.org/ipfs-core-types 299ms (cache revalidated)
npm http fetch GET 200 https://registry.npmjs.org/multiformats 314ms (cache revalidated)
npm http fetch GET 200 https://registry.npmjs.org/ipfs-core-utils 329ms (cache revalidated)
npm http fetch GET 200 https://registry.npmjs.org/@web3-storage%2fmultipart-parser 489ms (cache revalidated)
npm http fetch GET 200 https://registry.npmjs.org/node-forge 462ms (cache revalidated)
npm http fetch GET 200 https://registry.npmjs.org/protobufjs 480ms (cache revalidated)
npm http fetch GET 200 https://registry.npmjs.org/@types%2fretry 503ms (cache revalidated)
npm http fetch GET 200 https://registry.npmjs.org/retry 553ms (cache revalidated)
npm http fetch GET 200 https://registry.npmjs.org/ipfs-unixfs 1016ms (cache revalidated)
npm http fetch GET 200 https://registry.npmjs.org/it-all 1061ms (cache revalidated)
npm http fetch GET 200 https://registry.npmjs.org/it-last 1066ms (cache revalidated)
npm http fetch GET 200 https://registry.npmjs.org/interface-blockstore 1059ms (cache revalidated)
npm http fetch GET 200 https://registry.npmjs.org/blockstore-core 1091ms (cache revalidated)
npm http fetch GET 200 https://registry.npmjs.org/ipfs-unixfs-exporter 1092ms (cache revalidated)
npm http fetch GET 200 https://registry.npmjs.org/iso-random-stream 1108ms (cache revalidated)
npm http fetch GET 200 https://registry.npmjs.org/multiformats 1105ms (cache revalidated)
npm http fetch GET 200 https://registry.npmjs.org/ipfs-unixfs-importer 1131ms (cache revalidated)
npm http fetch GET 200 https://registry.npmjs.org/multiformats 1129ms (cache revalidated)
npm http fetch GET 200 https://registry.npmjs.org/stream-to-it 1180ms (cache revalidated)
npm http fetch GET 200 https://registry.npmjs.org/it-pipe 1935ms (cache revalidated)
npm http fetch GET 200 https://registry.npmjs.org/ipns 1922ms (cache revalidated)
npm http fetch GET 200 https://registry.npmjs.org/@web-std%2fstream 2041ms (cache revalidated)
npm http fetch GET 200 https://registry.npmjs.org/@ipld%2fdag-cbor 2048ms (cache revalidated)
npm http fetch GET 200 https://registry.npmjs.org/@ipld%2fdag-cbor 2098ms (cache revalidated)
npm http fetch GET 200 https://registry.npmjs.org/@web-std%2fstream 2097ms (cache revalidated)
npm http fetch GET 200 https://registry.npmjs.org/@web-std%2fform-data 2099ms (cache revalidated)
npm http fetch GET 200 https://registry.npmjs.org/@noble%2fed25519 2159ms (cache revalidated)
npm http fetch GET 200 https://registry.npmjs.org/@libp2p%2finterface 2529ms (cache revalidated)
npm http fetch GET 200 https://registry.npmjs.org/@ipld%2fdag-pb 2892ms (cache revalidated)
npm http fetch GET 200 https://registry.npmjs.org/@libp2p%2fcrypto 2903ms (cache revalidated)
npm http fetch GET 200 https://registry.npmjs.org/@zxing%2ftext-encoding 340ms (cache revalidated)
npm http fetch GET 200 https://registry.npmjs.org/event-target-shim 65ms (cache revalidated)
npm http fetch GET 200 https://registry.npmjs.org/@types%2fminimatch 129ms (cache revalidated)
npm http fetch GET 200 https://registry.npmjs.org/multiaddr 253ms (cache revalidated)
npm http fetch GET 200 https://registry.npmjs.org/merge-options 244ms (cache revalidated)
npm http fetch GET 200 https://registry.npmjs.org/it-to-stream 250ms (cache revalidated)
npm http fetch GET 200 https://registry.npmjs.org/parse-duration 259ms (cache revalidated)
npm http fetch GET 200 https://registry.npmjs.org/buffer 263ms (cache revalidated)
npm http fetch GET 200 https://registry.npmjs.org/it-filter 1035ms (cache revalidated)
npm http fetch GET 200 https://registry.npmjs.org/interface-store 1035ms (cache revalidated)
npm http fetch GET 200 https://registry.npmjs.org/any-signal 1011ms (cache revalidated)
npm http fetch GET 200 https://registry.npmjs.org/hamt-sharding 990ms (cache revalidated)
npm http fetch GET 200 https://registry.npmjs.org/interface-store 1044ms (cache revalidated)
npm http fetch GET 200 https://registry.npmjs.org/it-map 1032ms (cache revalidated)
npm http fetch GET 200 https://registry.npmjs.org/it-peekable 1033ms (cache revalidated)
npm http fetch GET 200 https://registry.npmjs.org/it-drain 1080ms (cache revalidated)
npm http fetch GET 200 https://registry.npmjs.org/any-signal 1010ms (cache revalidated)
npm http fetch GET 200 https://registry.npmjs.org/rabin-wasm 1025ms (cache revalidated)
npm http fetch GET 200 https://registry.npmjs.org/it-parallel-batch 1031ms (cache revalidated)
npm http fetch GET 200 https://registry.npmjs.org/it-batch 1049ms (cache revalidated)
npm http fetch GET 200 https://registry.npmjs.org/it-first 1050ms (cache revalidated)
npm http fetch GET 200 https://registry.npmjs.org/is-electron 1048ms (cache revalidated)
npm http fetch GET 200 https://registry.npmjs.org/redent 1033ms (cache revalidated)
npm http fetch GET 200 https://registry.npmjs.org/read-pkg-up 1039ms (cache revalidated)
npm http fetch GET 200 https://registry.npmjs.org/iso-url 1070ms (cache revalidated)
npm http fetch GET 200 https://registry.npmjs.org/decamelize-keys 1048ms (cache revalidated)
npm http fetch GET 200 https://registry.npmjs.org/it-take 1168ms (cache revalidated)
npm http fetch GET 200 https://registry.npmjs.org/camelcase-keys 1064ms (cache revalidated)
npm http fetch GET 200 https://registry.npmjs.org/buffer 1196ms (cache revalidated)
npm http fetch GET 200 https://registry.npmjs.org/normalize-package-data 1075ms (cache revalidated)
npm http fetch GET 200 https://registry.npmjs.org/@types%2fminimist 1086ms (cache revalidated)
npm http fetch GET 200 https://registry.npmjs.org/hard-rejection 1092ms (cache revalidated)
npm http fetch GET 200 https://registry.npmjs.org/trim-newlines 1096ms (cache revalidated)
npm http fetch GET 200 https://registry.npmjs.org/electron-fetch 1120ms (cache revalidated)
npm http fetch GET 200 https://registry.npmjs.org/interface-datastore 1178ms (cache revalidated)
npm http fetch GET 200 https://registry.npmjs.org/get-iterator 1088ms (cache revalidated)
npm http fetch GET 200 https://registry.npmjs.org/minimist-options 1097ms (cache revalidated)
npm http fetch GET 200 https://registry.npmjs.org/react-native-fetch-api 1829ms (cache revalidated)
npm http fetch GET 200 https://registry.npmjs.org/native-fetch 1836ms (cache revalidated)
npm http fetch GET 200 https://registry.npmjs.org/blob-to-it 1891ms (cache revalidated)
npm http fetch GET 200 https://registry.npmjs.org/multiaddr-to-uri 1898ms (cache revalidated)
npm http fetch GET 200 https://registry.npmjs.org/timeout-abort-controller 1922ms (cache revalidated)
npm http fetch GET 200 https://registry.npmjs.org/@multiformats%2fmurmur3 2023ms (cache revalidated)
npm http fetch GET 200 https://registry.npmjs.org/ieee754 38ms (cache revalidated)
npm http fetch GET 200 https://registry.npmjs.org/base64-js 44ms (cache revalidated)
npm http fetch GET 200 https://registry.npmjs.org/is-ip 81ms (cache revalidated)
npm http fetch GET 200 https://registry.npmjs.org/dns-over-http-resolver 853ms (cache revalidated)
npm http fetch GET 200 https://registry.npmjs.org/fast-fifo 71ms (cache revalidated)
npm http fetch GET 200 https://registry.npmjs.org/p-defer 105ms (cache revalidated)
npm http fetch GET 200 https://registry.npmjs.org/p-fifo 135ms (cache revalidated)
npm http fetch GET 200 https://registry.npmjs.org/native-abort-controller 890ms (cache revalidated)
npm http fetch GET 200 https://registry.npmjs.org/retimer 874ms (cache revalidated)
npm http fetch GET 200 https://registry.npmjs.org/long 124ms (cache revalidated)
npm http fetch GET 200 https://registry.npmjs.org/@protobufjs%2fpath 122ms (cache revalidated)
npm http fetch GET 200 https://registry.npmjs.org/@protobufjs%2finquire 118ms (cache revalidated)
npm http fetch GET 200 https://registry.npmjs.org/@protobufjs%2fpool 138ms (cache revalidated)
npm http fetch GET 200 https://registry.npmjs.org/@protobufjs%2ffetch 136ms (cache revalidated)
npm http fetch GET 200 https://registry.npmjs.org/@protobufjs%2fbase64 140ms (cache revalidated)
npm http fetch GET 200 https://registry.npmjs.org/@protobufjs%2faspromise 137ms (cache revalidated)
npm http fetch GET 200 https://registry.npmjs.org/@protobufjs%2feventemitter 144ms (cache revalidated)
npm http fetch GET 200 https://registry.npmjs.org/@protobufjs%2futf8 159ms (cache revalidated)
npm http fetch GET 200 https://registry.npmjs.org/@protobufjs%2ffloat 158ms (cache revalidated)
npm http fetch GET 200 https://registry.npmjs.org/@protobufjs%2fcodegen 156ms (cache revalidated)
npm http fetch GET 200 https://registry.npmjs.org/@types%2flong 184ms (cache revalidated)
npm http fetch GET 200 https://registry.npmjs.org/murmurhash3js-revisited 78ms (cache revalidated)
npm http fetch GET 200 https://registry.npmjs.org/sparse-array 850ms (cache revalidated)
npm http fetch GET 200 https://registry.npmjs.org/@assemblyscript%2floader 470ms (cache revalidated)
npm http fetch GET 200 https://registry.npmjs.org/events 42ms (cache revalidated)
npm http fetch GET 200 https://registry.npmjs.org/map-obj 77ms (cache revalidated)
npm http fetch GET 200 https://registry.npmjs.org/quick-lru 98ms (cache revalidated)
npm http fetch GET 200 https://registry.npmjs.org/kind-of 88ms (cache revalidated)
npm http fetch GET 200 https://registry.npmjs.org/strip-indent 84ms (cache revalidated)
npm http fetch GET 200 https://registry.npmjs.org/map-obj 110ms (cache revalidated)
npm http fetch GET 200 https://registry.npmjs.org/validate-npm-package-license 108ms (cache revalidated)
npm http fetch GET 200 https://registry.npmjs.org/read-pkg 124ms (cache revalidated)
npm http fetch GET 200 https://registry.npmjs.org/hosted-git-info 138ms (cache revalidated)
npm http fetch GET 200 https://registry.npmjs.org/arrify 174ms (cache revalidated)
npm http fetch GET 200 https://registry.npmjs.org/ip-regex 106ms (cache revalidated)
npm http fetch GET 200 https://registry.npmjs.org/receptacle 875ms (cache revalidated)
npm http fetch GET 200 https://registry.npmjs.org/lru-cache 141ms (cache revalidated)
npm http fetch GET 200 https://registry.npmjs.org/spdx-correct 145ms (cache revalidated)
npm http fetch GET 200 https://registry.npmjs.org/spdx-expression-parse 922ms (cache revalidated)
npm http fetch GET 200 https://registry.npmjs.org/parse-json 90ms (cache revalidated)
npm http fetch GET 200 https://registry.npmjs.org/@types%2fnormalize-package-data 154ms (cache revalidated)
npm http fetch GET 200 https://registry.npmjs.org/error-ex 51ms (cache revalidated)
npm http fetch GET 200 https://registry.npmjs.org/@babel%2fcode-frame 68ms (cache revalidated)
npm http fetch GET 200 https://registry.npmjs.org/json-parse-even-better-errors 90ms (cache revalidated)
npm http fetch GET 200 https://registry.npmjs.org/is-arrayish 54ms (cache revalidated)
npm http fetch GET 200 https://registry.npmjs.org/@babel%2fhelper-validator-identifier 76ms (cache revalidated)
npm http fetch GET 200 https://registry.npmjs.org/min-indent 53ms (cache revalidated)
npm http fetch GET 200 https://registry.npmjs.org/spdx-license-ids 77ms (cache revalidated)
npm http fetch GET 200 https://registry.npmjs.org/spdx-exceptions 110ms (cache revalidated)
npm http fetch GET 200 https://registry.npmjs.org/uint8arraylist 922ms (cache revalidated)
npm http fetch GET 200 https://registry.npmjs.org/progress-events 922ms (cache revalidated)
npm http fetch GET 200 https://registry.npmjs.org/timestamp-nano 907ms (cache revalidated)
npm http fetch GET 200 https://registry.npmjs.org/main-event 948ms (cache revalidated)
npm http fetch GET 200 https://registry.npmjs.org/it-pushable 948ms (cache revalidated)
npm http fetch GET 200 https://registry.npmjs.org/it-stream-types 955ms (cache revalidated)
npm http fetch GET 200 https://registry.npmjs.org/protons-runtime 979ms (cache revalidated)
npm http fetch GET 200 https://registry.npmjs.org/@libp2p%2flogger 1972ms (cache revalidated)
npm http fetch GET 200 https://registry.npmjs.org/@multiformats%2fmultiaddr 2016ms (cache revalidated)
npm http fetch GET 200 https://registry.npmjs.org/@multiformats%2fdns 2030ms (cache revalidated)
npm http fetch GET 200 https://registry.npmjs.org/uint8-varint 871ms (cache revalidated)
npm http fetch GET 200 https://registry.npmjs.org/dns-packet 115ms (cache revalidated)
npm http fetch GET 200 https://registry.npmjs.org/p-queue 164ms (cache revalidated)
npm http fetch GET 200 https://registry.npmjs.org/hashlru 972ms (cache revalidated)
npm http fetch GET 200 https://registry.npmjs.org/abort-error 963ms (cache revalidated)
npm http fetch GET 200 https://registry.npmjs.org/@chainsafe%2fis-ip 1918ms (cache revalidated)
npm http fetch GET 200 https://registry.npmjs.org/@chainsafe%2fnetmask 1944ms (cache revalidated)
npm http fetch GET 200 https://registry.npmjs.org/p-timeout 113ms (cache revalidated)
npm http fetch GET 200 https://registry.npmjs.org/@leichtgewicht%2fip-codec 463ms (cache revalidated)
npm http fetch GET 200 https://registry.npmjs.org/weald 915ms (cache revalidated)
npm http fetch GET 200 https://registry.npmjs.org/async-function 46ms (cache revalidated)
npm http fetch GET 200 https://registry.npmjs.org/is-map 44ms (cache revalidated)
npm http fetch GET 200 https://registry.npmjs.org/is-weakmap 49ms (cache revalidated)
npm http fetch GET 200 https://registry.npmjs.org/is-weakset 49ms (cache revalidated)
npm http fetch GET 200 https://registry.npmjs.org/binary-extensions 72ms (cache revalidated)
npm http fetch GET 200 https://registry.npmjs.org/p-try 49ms (cache revalidated)
npm http fetch GET 200 https://registry.npmjs.org/@pkgjs%2fparseargs 74ms (cache revalidated)
npm http fetch GET 200 https://registry.npmjs.org/@isaacs%2fcliui 147ms (cache revalidated)
npm http fetch GET 200 https://registry.npmjs.org/eastasianwidth 85ms (cache revalidated)
npm verb reify failed optional dependency C:\Users\sagar\naks.io\node_modules\fsevents
npm verb reify failed optional dependency C:\Users\sagar\naks.io\node_modules\@unrs\resolver-binding-win32-ia32-msvc
npm verb reify failed optional dependency C:\Users\sagar\naks.io\node_modules\@unrs\resolver-binding-win32-arm64-msvc
npm verb reify failed optional dependency C:\Users\sagar\naks.io\node_modules\@unrs\resolver-binding-wasm32-wasi
npm verb reify failed optional dependency C:\Users\sagar\naks.io\node_modules\@napi-rs\wasm-runtime
npm verb reify failed optional dependency C:\Users\sagar\naks.io\node_modules\@emnapi\core
npm verb reify failed optional dependency C:\Users\sagar\naks.io\node_modules\@emnapi\runtime
npm verb reify failed optional dependency C:\Users\sagar\naks.io\node_modules\@tybys\wasm-util
npm verb reify failed optional dependency C:\Users\sagar\naks.io\node_modules\@emnapi\wasi-threads
npm verb reify failed optional dependency C:\Users\sagar\naks.io\node_modules\@emnapi\core\node_modules\tslib
npm verb reify failed optional dependency C:\Users\sagar\naks.io\node_modules\@emnapi\runtime\node_modules\tslib
npm verb reify failed optional dependency C:\Users\sagar\naks.io\node_modules\@tybys\wasm-util\node_modules\tslib
npm verb reify failed optional dependency C:\Users\sagar\naks.io\node_modules\@emnapi\wasi-threads\node_modules\tslib
npm verb reify failed optional dependency C:\Users\sagar\naks.io\node_modules\@unrs\resolver-binding-linux-x64-musl
npm verb reify failed optional dependency C:\Users\sagar\naks.io\node_modules\@unrs\resolver-binding-linux-x64-gnu
npm verb reify failed optional dependency C:\Users\sagar\naks.io\node_modules\@unrs\resolver-binding-linux-s390x-gnu
npm verb reify failed optional dependency C:\Users\sagar\naks.io\node_modules\@unrs\resolver-binding-linux-riscv64-musl
npm verb reify failed optional dependency C:\Users\sagar\naks.io\node_modules\@unrs\resolver-binding-linux-riscv64-gnu
npm verb reify failed optional dependency C:\Users\sagar\naks.io\node_modules\@unrs\resolver-binding-linux-ppc64-gnu
npm verb reify failed optional dependency C:\Users\sagar\naks.io\node_modules\@unrs\resolver-binding-linux-arm64-musl
npm verb reify failed optional dependency C:\Users\sagar\naks.io\node_modules\@unrs\resolver-binding-linux-arm64-gnu
npm verb reify failed optional dependency C:\Users\sagar\naks.io\node_modules\@unrs\resolver-binding-linux-arm-musleabihf
npm verb reify failed optional dependency C:\Users\sagar\naks.io\node_modules\@unrs\resolver-binding-linux-arm-gnueabihf
npm verb reify failed optional dependency C:\Users\sagar\naks.io\node_modules\@unrs\resolver-binding-freebsd-x64
npm verb reify failed optional dependency C:\Users\sagar\naks.io\node_modules\@unrs\resolver-binding-darwin-x64
npm verb reify failed optional dependency C:\Users\sagar\naks.io\node_modules\@unrs\resolver-binding-darwin-arm64
npm verb reify failed optional dependency C:\Users\sagar\naks.io\node_modules\@unrs\resolver-binding-android-arm64
npm verb reify failed optional dependency C:\Users\sagar\naks.io\node_modules\@unrs\resolver-binding-android-arm-eabi
npm verb reify failed optional dependency C:\Users\sagar\naks.io\node_modules\@next\swc-win32-ia32-msvc
npm verb reify failed optional dependency C:\Users\sagar\naks.io\node_modules\@next\swc-win32-arm64-msvc
npm verb reify failed optional dependency C:\Users\sagar\naks.io\node_modules\@next\swc-linux-x64-musl
npm verb reify failed optional dependency C:\Users\sagar\naks.io\node_modules\@next\swc-linux-x64-gnu
npm verb reify failed optional dependency C:\Users\sagar\naks.io\node_modules\@next\swc-linux-arm64-musl
npm verb reify failed optional dependency C:\Users\sagar\naks.io\node_modules\@next\swc-linux-arm64-gnu
npm verb reify failed optional dependency C:\Users\sagar\naks.io\node_modules\@next\swc-darwin-x64
npm verb reify failed optional dependency C:\Users\sagar\naks.io\node_modules\@next\swc-darwin-arm64
npm http fetch POST 200 https://registry.npmjs.org/-/npm/v1/security/advisories/bulk 5713ms
npm WARN deprecated inflight@1.0.6: This module is not supported, and leaks memory. Do not use it. Check out lru-cache if you want a good and tested way to coalesce async requests by a key value, which is much more comprehensive and powerful.
npm WARN deprecated @humanwhocodes/config-array@0.13.0: Use @eslint/config-array instead
npm WARN deprecated multiaddr-to-uri@8.0.0: This module is deprecated, please upgrade to @multiformats/multiaddr-to-uri
npm WARN deprecated rimraf@3.0.2: Rimraf versions prior to v4 are no longer supported
npm WARN deprecated glob@8.1.0: Glob versions prior to v9 are no longer supported
npm WARN deprecated glob@7.1.7: Glob versions prior to v9 are no longer supported
npm WARN deprecated @supabase/auth-helpers-shared@0.6.3: This package is now deprecated - please use the @supabase/ssr package instead.
npm WARN deprecated @humanwhocodes/object-schema@2.0.3: Use @eslint/object-schema instead
npm WARN deprecated @supabase/auth-helpers-nextjs@0.8.7: This package is now deprecated - please use the @supabase/ssr package instead.
npm WARN deprecated multiaddr@10.0.1: This module is deprecated, please upgrade to @multiformats/multiaddr
npm WARN deprecated node-domexception@1.0.0: Use your platform's native DOMException instead
npm WARN deprecated web3.storage@4.5.5: This client is for the old web3.storage API, sunset on Jan 9 2024. Use the new web3.storage client and API instead: @web3-storage/w3up-client.
npm WARN deprecated ipfs-core-types@0.8.4: js-IPFS has been deprecated in favour of Helia - please see https://github.com/ipfs/js-ipfs/issues/4336 for details
npm WARN deprecated ipfs-core-utils@0.12.2: js-IPFS has been deprecated in favour of Helia - please see https://github.com/ipfs/js-ipfs/issues/4336 for details
npm WARN deprecated eslint@8.57.1: This version is no longer supported. Please see https://eslint.org/version-support for other options.
npm info run keccak@3.0.4 install node_modules/keccak node-gyp-build || exit 0
npm info run keccak@3.0.4 install { code: 0, signal: null }
npm info run protobufjs@6.11.4 postinstall node_modules/protobufjs node scripts/postinstall
npm info run supabase@1.226.4 postinstall node_modules/supabase node scripts/postinstall.js
npm info run unrs-resolver@1.11.1 postinstall node_modules/unrs-resolver napi-postinstall unrs-resolver 1.11.1 check
npm info run unrs-resolver@1.11.1 postinstall { code: 1, signal: null }
npm info run protobufjs@6.11.4 postinstall { code: 0, signal: null }
npm info run supabase@1.226.4 postinstall { code: 1, signal: null }
npm WARN cleanup Failed to remove some directories [
npm WARN cleanup   [
npm WARN cleanup     'C:\\Users\\sagar\\naks.io\\node_modules\\supabase',
npm WARN cleanup     [Error: EBUSY: resource busy or locked, rmdir 'C:\Users\sagar\naks.io\node_modules\supabase'] {
npm WARN cleanup       errno: -4082,
npm WARN cleanup       code: 'EBUSY',
npm WARN cleanup       syscall: 'rmdir',
npm WARN cleanup       path: 'C:\\Users\\sagar\\naks.io\\node_modules\\supabase'
npm WARN cleanup     }
npm WARN cleanup   ],
npm WARN cleanup   [
npm WARN cleanup     'C:\\Users\\sagar\\naks.io\\node_modules\\@ethereumjs\\util',
npm WARN cleanup     [Error: EPERM: operation not permitted, rmdir 'C:\Users\sagar\naks.io\node_modules\@ethereumjs\util\node_modules\@noble\curves'] {
npm WARN cleanup       errno: -4048,
npm WARN cleanup       code: 'EPERM',
npm WARN cleanup       syscall: 'rmdir',
npm WARN cleanup       path: 'C:\\Users\\sagar\\naks.io\\node_modules\\@ethereumjs\\util\\node_modules\\@noble\\curves'
npm WARN cleanup     }
npm WARN cleanup   ]
npm WARN cleanup ]
npm verb stack Error: command failed
npm verb stack     at ChildProcess.<anonymous> (C:\Users\sagar\AppData\Local\nvm\v20.11.0\node_modules\npm\node_modules\@npmcli\promise-spawn\lib\index.js:53:27)
npm verb stack     at ChildProcess.emit (node:events:518:28)
npm verb stack     at maybeClose (node:internal/child_process:1105:16)
npm verb stack     at ChildProcess._handle.onexit (node:internal/child_process:305:5)
npm verb pkgid unrs-resolver@1.11.1
npm verb cwd C:\Users\sagar\naks.io
npm verb Windows_NT 10.0.26100
npm verb node v20.11.0
npm verb npm  v10.2.4
npm ERR! code 1
npm ERR! path C:\Users\sagar\naks.io\node_modules\unrs-resolver
npm ERR! command failed
npm ERR! command C:\WINDOWS\system32\cmd.exe /d /s /c napi-postinstall unrs-resolver 1.11.1 check
npm ERR! 'napi-postinstall' is not recognized as an internal or external command,
npm ERR! operable program or batch file.
npm verb exit 1
npm verb unfinished npm timer reify 1757596073659
npm verb unfinished npm timer reify:build 1757596192109
npm verb unfinished npm timer build 1757596192114
npm verb unfinished npm timer build:deps 1757596192116
npm verb unfinished npm timer build:run:postinstall 1757596192367
npm verb unfinished npm timer build:run:postinstall:node_modules/supabase 1757596192440
npm verb unfinished npm timer build:run:postinstall:node_modules/unrs-resolver 1757596192511
npm verb code 1

npm ERR! A complete log of this run can be found in: C:\Users\sagar\AppData\Local\npm-cache\_logs\2025-09-11T13_07_52_807Z-debug-0.log
