npm verb cli C:\nvm4w\nodejs\node.exe C:\nvm4w\nodejs\node_modules\npm\bin\npm-cli.js
npm info using npm@10.2.4
npm info using node@v20.11.0
npm verb title npm install hardhat
npm verb argv "install" "--save-dev" "hardhat" "--loglevel" "verbose"
npm verb logfile logs-max:10 dir:C:\Users\sagar\AppData\Local\npm-cache\_logs\2025-09-11T09_34_14_788Z-
npm verb logfile C:\Users\sagar\AppData\Local\npm-cache\_logs\2025-09-11T09_34_14_788Z-debug-0.log
npm http fetch GET 200 https://registry.npmjs.org/@hookform%2fresolvers 29ms (cache hit)
npm http fetch GET 200 https://registry.npmjs.org/react-hook-form 20ms (cache hit)
npm http fetch GET 200 https://registry.npmjs.org/react 21ms (cache hit)
npm http fetch GET 200 https://registry.npmjs.org/@openzeppelin%2fcontracts 15ms (cache hit)
npm http fetch GET 200 https://registry.npmjs.org/@supabase%2fauth-helpers-nextjs 25ms (cache hit)
npm http fetch GET 200 https://registry.npmjs.org/@supabase%2fsupabase-js 12ms (cache hit)
npm http fetch GET 200 https://registry.npmjs.org/@types%2fgeojson 9ms (cache hit)
npm http fetch GET 200 https://registry.npmjs.org/autoprefixer 10ms (cache hit)
npm http fetch GET 200 https://registry.npmjs.org/postcss 10ms (cache hit)
npm http fetch GET 200 https://registry.npmjs.org/crypto-js 8ms (cache hit)
npm http fetch GET 200 https://registry.npmjs.org/jose 10ms (cache hit)
npm http fetch GET 200 https://registry.npmjs.org/leaflet 8ms (cache hit)
npm http fetch GET 200 https://registry.npmjs.org/lucide-react 12ms (cache hit)
npm http fetch GET 200 https://registry.npmjs.org/next 81ms (cache hit)
npm http fetch GET 200 https://registry.npmjs.org/@opentelemetry%2fapi 12ms (cache hit)
npm http fetch GET 200 https://registry.npmjs.org/react-dom 22ms (cache hit)
npm http fetch GET 200 https://registry.npmjs.org/sass 10ms (cache hit)
npm http fetch GET 200 https://registry.npmjs.org/react-leaflet 9ms (cache hit)
npm http fetch GET 200 https://registry.npmjs.org/tailwindcss 23ms (cache hit)
npm http fetch GET 200 https://registry.npmjs.org/web3 19ms (cache hit)
npm http fetch GET 200 https://registry.npmjs.org/web3.storage 9ms (cache hit)
npm http fetch GET 200 https://registry.npmjs.org/zod 15ms (cache hit)
npm http fetch GET 200 https://registry.npmjs.org/@nomiclabs%2fhardhat-ethers 12ms (cache hit)
npm http fetch GET 200 https://registry.npmjs.org/ethers 17ms (cache hit)
npm http fetch GET 200 https://registry.npmjs.org/hardhat 14ms (cache hit)
npm http fetch GET 200 https://registry.npmjs.org/ts-node 18ms (cache hit)
npm http fetch GET 200 https://registry.npmjs.org/@swc%2fcore 26ms (cache hit)
npm http fetch GET 200 https://registry.npmjs.org/@swc%2fhelpers 15ms (cache hit)
npm http fetch GET 200 https://registry.npmjs.org/@swc%2fwasm 15ms (cache hit)
npm http fetch GET 200 https://registry.npmjs.org/@types%2fnode 18ms (cache hit)
npm http fetch GET 200 https://registry.npmjs.org/typescript 41ms (cache hit)
npm http fetch GET 200 https://registry.npmjs.org/@types%2fcrypto-js 10ms (cache hit)
npm http fetch GET 200 https://registry.npmjs.org/@types%2fleaflet 13ms (cache hit)
npm http fetch GET 200 https://registry.npmjs.org/@types%2freact 16ms (cache hit)
npm http fetch GET 200 https://registry.npmjs.org/@types%2freact-dom 18ms (cache hit)
npm http fetch GET 200 https://registry.npmjs.org/dotenv 14ms (cache hit)
npm http fetch GET 200 https://registry.npmjs.org/eslint 18ms (cache hit)
npm http fetch GET 200 https://registry.npmjs.org/eslint-config-next 31ms (cache hit)
npm http fetch GET 200 https://registry.npmjs.org/supabase 19ms (cache hit)
npm http fetch GET 200 https://registry.npmjs.org/solc 1811ms (cache hit)
npm http fetch GET 200 https://registry.npmjs.org/boxen 1825ms (cache hit)
npm http fetch GET 200 https://registry.npmjs.org/loose-envify 1845ms (cache hit)
npm http fetch GET 200 https://registry.npmjs.org/ws 1839ms (cache hit)
npm http fetch GET 200 https://registry.npmjs.org/uuid 1856ms (cache hit)
npm http fetch GET 200 https://registry.npmjs.org/io-ts 1861ms (cache hit)
npm http fetch GET 200 https://registry.npmjs.org/debug 1880ms (cache hit)
npm http fetch GET 200 https://registry.npmjs.org/tsort 1873ms (cache hit)
npm http fetch GET 200 https://registry.npmjs.org/fp-ts 1883ms (cache hit)
npm http fetch GET 200 https://registry.npmjs.org/keccak 1880ms (cache hit)
npm http fetch GET 200 https://registry.npmjs.org/lodash 1880ms (cache hit)
npm http fetch GET 200 https://registry.npmjs.org/find-up 1878ms (cache hit)
npm http fetch GET 200 https://registry.npmjs.org/enquirer 1877ms (cache hit)
npm http fetch GET 200 https://registry.npmjs.org/chokidar 1881ms (cache hit)
npm http fetch GET 200 https://registry.npmjs.org/raw-body 1883ms (cache hit)
npm http fetch GET 200 https://registry.npmjs.org/undici 1897ms (cache hit)
npm http fetch GET 200 https://registry.npmjs.org/fs-extra 1904ms (cache hit)
npm http fetch GET 200 https://registry.npmjs.org/env-paths 1907ms (cache hit)
npm http fetch GET 200 https://registry.npmjs.org/immutable 1908ms (cache hit)
npm http fetch GET 200 https://registry.npmjs.org/tinyglobby 1911ms (cache hit)
npm http fetch GET 200 https://registry.npmjs.org/ansi-escapes 1906ms (cache hit)
npm http fetch GET 200 https://registry.npmjs.org/@ethereumjs%2futil 1904ms (cache hit)
npm http fetch GET 200 https://registry.npmjs.org/adm-zip 1929ms (cache hit)
npm http fetch GET 200 https://registry.npmjs.org/aggregate-error 1911ms (cache hit)
npm http fetch GET 200 https://registry.npmjs.org/micro-eth-signer 1909ms (cache hit)
npm http fetch GET 200 https://registry.npmjs.org/semver 1938ms (cache hit)
npm http fetch GET 200 https://registry.npmjs.org/stacktrace-parser 1914ms (cache hit)
npm http fetch GET 200 https://registry.npmjs.org/resolve 1937ms (cache hit)
npm http fetch GET 200 https://registry.npmjs.org/@sentry%2fnode 1933ms (cache hit)
npm http fetch GET 200 https://registry.npmjs.org/p-map 1980ms (cache hit)
npm http fetch GET 200 https://registry.npmjs.org/source-map-support 1947ms (cache hit)
npm http fetch GET 200 https://registry.npmjs.org/@ethersproject%2fabi 1951ms (cache hit)
npm http fetch GET 200 https://registry.npmjs.org/ethereum-cryptography 1951ms (cache hit)
npm http fetch GET 200 https://registry.npmjs.org/ci-info 1983ms (cache hit)
npm http fetch GET 200 https://registry.npmjs.org/@nomicfoundation%2fedr 1958ms (cache hit)
npm http fetch GET 200 https://registry.npmjs.org/@ethersproject%2frlp 1953ms (cache hit)
npm http fetch GET 200 https://registry.npmjs.org/@nomicfoundation%2fsolidity-analyzer 1959ms (cache hit)
npm http fetch GET 200 https://registry.npmjs.org/@ethersproject%2fabi 1959ms (cache hit)
npm http fetch GET 200 https://registry.npmjs.org/mnemonist 1987ms (cache hit)
npm http fetch GET 200 https://registry.npmjs.org/@ethersproject%2flogger 1952ms (cache hit)
npm http fetch GET 200 https://registry.npmjs.org/@ethersproject%2fbytes 1959ms (cache hit)
npm http fetch GET 200 https://registry.npmjs.org/mocha 2016ms (cache hit)
npm http fetch GET 200 https://registry.npmjs.org/@ethersproject%2fbase64 1973ms (cache hit)
npm http fetch GET 200 https://registry.npmjs.org/@ethersproject%2fsha2 1979ms (cache hit)
npm http fetch GET 200 https://registry.npmjs.org/@ethersproject%2fwallet 1972ms (cache hit)
npm http fetch GET 200 https://registry.npmjs.org/@ethersproject%2fhash 1985ms (cache hit)
npm http fetch GET 200 https://registry.npmjs.org/@ethersproject%2fbignumber 1972ms (cache hit)
npm http fetch GET 200 https://registry.npmjs.org/json-stream-stringify 2000ms (cache hit)
npm http fetch GET 200 https://registry.npmjs.org/@ethersproject%2faddress 1980ms (cache hit)
npm http fetch GET 200 https://registry.npmjs.org/@ethersproject%2fstrings 1981ms (cache hit)
npm http fetch GET 200 https://registry.npmjs.org/@ethersproject%2fhdnode 1988ms (cache hit)
npm http fetch GET 200 https://registry.npmjs.org/@ethersproject%2fsolidity 1982ms (cache hit)
npm http fetch GET 200 https://registry.npmjs.org/@ethersproject%2fpbkdf2 1990ms (cache hit)
npm http fetch GET 200 https://registry.npmjs.org/picocolors 2029ms (cache hit)
npm http fetch GET 200 https://registry.npmjs.org/@ethersproject%2fbasex 1998ms (cache hit)
npm http fetch GET 200 https://registry.npmjs.org/@ethersproject%2fconstants 1986ms (cache hit)
npm http fetch GET 200 https://registry.npmjs.org/@ethersproject%2fcontracts 1989ms (cache hit)
npm http fetch GET 200 https://registry.npmjs.org/@ethersproject%2frandom 1999ms (cache hit)
npm http fetch GET 200 https://registry.npmjs.org/@ethersproject%2ftransactions 1981ms (cache hit)
npm http fetch GET 200 https://registry.npmjs.org/@ethersproject%2fproviders 1988ms (cache hit)
npm http fetch GET 200 https://registry.npmjs.org/@ethersproject%2fproperties 1991ms (cache hit)
npm http fetch GET 200 https://registry.npmjs.org/set-cookie-parser 1983ms (cache hit)
npm http fetch GET 200 https://registry.npmjs.org/@ethersproject%2fabstract-provider 1989ms (cache hit)
npm http fetch GET 200 https://registry.npmjs.org/@ethersproject%2fkeccak256 2004ms (cache hit)
npm http fetch GET 200 https://registry.npmjs.org/@ethersproject%2fabstract-signer 1999ms (cache hit)
npm http fetch GET 200 https://registry.npmjs.org/@supabase%2fauth-helpers-shared 1994ms (cache hit)
npm http fetch GET 200 https://registry.npmjs.org/@supabase%2fnode-fetch 1994ms (cache hit)
npm http fetch GET 200 https://registry.npmjs.org/@supabase%2fauth-js 1996ms (cache hit)
npm http fetch GET 200 https://registry.npmjs.org/@ethersproject%2fsigning-key 2011ms (cache hit)
npm http fetch GET 200 https://registry.npmjs.org/@ethersproject%2funits 2038ms (cache hit)
npm http fetch GET 200 https://registry.npmjs.org/@ethersproject%2fnetworks 2030ms (cache hit)
npm http fetch GET 200 https://registry.npmjs.org/picocolors 1988ms (cache hit)
npm http fetch GET 200 https://registry.npmjs.org/@supabase%2frealtime-js 2005ms (cache hit)
npm http fetch GET 200 https://registry.npmjs.org/@supabase%2fpostgrest-js 2009ms (cache hit)
npm http fetch GET 200 https://registry.npmjs.org/csstype 2008ms (cache hit)
npm http fetch GET 200 https://registry.npmjs.org/@supabase%2ffunctions-js 2019ms (cache hit)
npm http fetch GET 200 https://registry.npmjs.org/source-map-js 1990ms (cache hit)
npm http fetch GET 200 https://registry.npmjs.org/undici-types 2016ms (cache hit)
npm http fetch GET 200 https://registry.npmjs.org/@supabase%2fstorage-js 2027ms (cache hit)
npm http fetch GET 200 https://registry.npmjs.org/fraction.js 2013ms (cache hit)
npm http fetch GET 200 https://registry.npmjs.org/normalize-range 2011ms (cache hit)
npm http fetch GET 200 https://registry.npmjs.org/browserslist 2015ms (cache hit)
npm http fetch GET 200 https://registry.npmjs.org/debug 1999ms (cache hit)
npm http fetch GET 200 https://registry.npmjs.org/@types%2fprop-types 2029ms (cache hit)
npm http fetch GET 200 https://registry.npmjs.org/postcss-value-parser 2017ms (cache hit)
npm http fetch GET 200 https://registry.npmjs.org/levn 2005ms (cache hit)
npm http fetch GET 200 https://registry.npmjs.org/caniuse-lite 2027ms (cache hit)
npm http fetch GET 200 https://registry.npmjs.org/ajv 2023ms (cache hit)
npm http fetch GET 200 https://registry.npmjs.org/@ethersproject%2fwordlists 2082ms (cache hit)
npm http fetch GET 200 https://registry.npmjs.org/ignore 2028ms (cache hit)
npm http fetch GET 200 https://registry.npmjs.org/nanoid 2046ms (cache hit)
npm http fetch GET 200 https://registry.npmjs.org/@ethersproject%2fjson-wallets 2087ms (cache hit)
npm http fetch GET 200 https://registry.npmjs.org/doctrine 2030ms (cache hit)
npm http fetch GET 200 https://registry.npmjs.org/is-glob 2033ms (cache hit)
npm http fetch GET 200 https://registry.npmjs.org/espree 2039ms (cache hit)
npm http fetch GET 200 https://registry.npmjs.org/esquery 2040ms (cache hit)
npm http fetch GET 200 https://registry.npmjs.org/optionator 2032ms (cache hit)
npm http fetch GET 200 https://registry.npmjs.org/globals 2041ms (cache hit)
npm http fetch GET 200 https://registry.npmjs.org/graphemer 2047ms (cache hit)
npm http fetch GET 200 https://registry.npmjs.org/js-yaml 2049ms (cache hit)
npm http fetch GET 200 https://registry.npmjs.org/strip-ansi 2045ms (cache hit)
npm http fetch GET 200 https://registry.npmjs.org/imurmurhash 2043ms (cache hit)
npm http fetch GET 200 https://registry.npmjs.org/minimatch 2051ms (cache hit)
npm http fetch GET 200 https://registry.npmjs.org/text-table 2050ms (cache hit)
npm http fetch GET 200 https://registry.npmjs.org/@eslint%2fjs 2055ms (cache hit)
npm http fetch GET 200 https://registry.npmjs.org/cross-spawn 2052ms (cache hit)
npm http fetch GET 200 https://registry.npmjs.org/eslint-scope 2052ms (cache hit)
npm http fetch GET 200 https://registry.npmjs.org/esutils 2067ms (cache hit)
npm http fetch GET 200 https://registry.npmjs.org/@nodelib%2ffs.walk 2049ms (cache hit)
npm http fetch GET 200 https://registry.npmjs.org/lodash.merge 2055ms (cache hit)
npm http fetch GET 200 https://registry.npmjs.org/glob-parent 2058ms (cache hit)
npm http fetch GET 200 https://registry.npmjs.org/eslint-visitor-keys 2051ms (cache hit)
npm http fetch GET 200 https://registry.npmjs.org/is-path-inside 2058ms (cache hit)
npm http fetch GET 200 https://registry.npmjs.org/@ungap%2fstructured-clone 2050ms (cache hit)
npm http fetch GET 200 https://registry.npmjs.org/@eslint%2feslintrc 2058ms (cache hit)
npm http fetch GET 200 https://registry.npmjs.org/natural-compare 2061ms (cache hit)
npm http fetch GET 200 https://registry.npmjs.org/file-entry-cache 2059ms (cache hit)
npm http fetch GET 200 https://registry.npmjs.org/@eslint-community%2fregexpp 2050ms (cache hit)
npm http fetch GET 200 https://registry.npmjs.org/fast-deep-equal 2065ms (cache hit)
npm http fetch GET 200 https://registry.npmjs.org/@humanwhocodes%2fmodule-importer 2048ms (cache hit)
npm http fetch GET 200 https://registry.npmjs.org/@humanwhocodes%2fconfig-array 2052ms (cache hit)
npm http fetch GET 200 https://registry.npmjs.org/@eslint-community%2feslint-utils 2052ms (cache hit)
npm http fetch GET 200 https://registry.npmjs.org/escape-string-regexp 2063ms (cache hit)
npm http fetch GET 200 https://registry.npmjs.org/eslint-plugin-react 2050ms (cache hit)
npm http fetch GET 200 https://registry.npmjs.org/eslint-plugin-import 2054ms (cache hit)
npm http fetch GET 200 https://registry.npmjs.org/chalk 2103ms (cache hit)
npm http fetch GET 200 https://registry.npmjs.org/json-stable-stringify-without-jsonify 2065ms (cache hit)
npm http fetch GET 200 https://registry.npmjs.org/eslint-import-resolver-typescript 2055ms (cache hit)
npm http fetch GET 200 https://registry.npmjs.org/eslint-plugin-jsx-a11y 2064ms (cache hit)
npm http fetch GET 200 https://registry.npmjs.org/busboy 2042ms (cache hit)
npm http fetch GET 200 https://registry.npmjs.org/eslint-import-resolver-node 2065ms (cache hit)
npm http fetch GET 200 https://registry.npmjs.org/@next%2feslint-plugin-next 2076ms (cache hit)
npm http fetch GET 200 https://registry.npmjs.org/eslint-plugin-react-hooks 2104ms (cache hit)
npm http fetch GET 200 https://registry.npmjs.org/@rushstack%2feslint-patch 2166ms (cache hit)
npm http fetch GET 200 https://registry.npmjs.org/@ethersproject%2fweb 2296ms (cache hit)
npm http fetch GET 200 https://registry.npmjs.org/@typescript-eslint%2fparser 2186ms (cache hit)
npm http fetch GET 200 https://registry.npmjs.org/@next%2fswc-darwin-x64 2265ms (cache hit)
npm http fetch GET 200 https://registry.npmjs.org/watchpack 2285ms (cache hit)
npm http fetch GET 200 https://registry.npmjs.org/caniuse-lite 2287ms (cache hit)
npm http fetch GET 200 https://registry.npmjs.org/@next%2fswc-darwin-arm64 2297ms (cache hit)
npm http fetch GET 200 https://registry.npmjs.org/@next%2fswc-linux-x64-gnu 2317ms (cache hit)
npm http fetch GET 200 https://registry.npmjs.org/@next%2fswc-linux-arm64-gnu 2333ms (cache hit)
npm http fetch GET 200 https://registry.npmjs.org/@next%2fswc-win32-ia32-msvc 2350ms (cache hit)
npm http fetch GET 200 https://registry.npmjs.org/@next%2fswc-win32-arm64-msvc 2374ms (cache hit)
npm http fetch GET 200 https://registry.npmjs.org/@next%2fswc-linux-x64-musl 2404ms (cache hit)
npm http fetch GET 200 https://registry.npmjs.org/tar 2401ms (cache hit)
npm http fetch GET 200 https://registry.npmjs.org/bin-links 2402ms (cache hit)
npm http fetch GET 200 https://registry.npmjs.org/scheduler 2416ms (cache hit)
npm http fetch GET 200 https://registry.npmjs.org/node-fetch 2441ms (cache hit)
npm http fetch GET 200 https://registry.npmjs.org/is-glob 2439ms (cache hit)
npm http fetch GET 200 https://registry.npmjs.org/@react-leaflet%2fcore 2449ms (cache hit)
npm http fetch GET 200 https://registry.npmjs.org/@next%2fswc-linux-arm64-musl 2460ms (cache hit)
npm http fetch GET 200 https://registry.npmjs.org/resolve 2465ms (cache hit)
npm http fetch GET 200 https://registry.npmjs.org/https-proxy-agent 2473ms (cache hit)
npm http fetch GET 200 https://registry.npmjs.org/chokidar 2466ms (cache hit)
npm http fetch GET 200 https://registry.npmjs.org/arg 2474ms (cache hit)
npm http fetch GET 200 https://registry.npmjs.org/sucrase 2470ms (cache hit)
npm http fetch GET 200 https://registry.npmjs.org/lilconfig 2469ms (cache hit)
npm http fetch GET 200 https://registry.npmjs.org/dlv 2478ms (cache hit)
npm http fetch GET 200 https://registry.npmjs.org/didyoumean 2469ms (cache hit)
npm http fetch GET 200 https://registry.npmjs.org/@next%2fswc-win32-x64-msvc 2507ms (cache hit)
npm http fetch GET 200 https://registry.npmjs.org/jiti 2500ms (cache hit)
npm http fetch GET 200 https://registry.npmjs.org/postcss-js 2493ms (cache hit)
npm http fetch GET 200 https://registry.npmjs.org/micromatch 2495ms (cache hit)
npm http fetch GET 200 https://registry.npmjs.org/normalize-path 2494ms (cache hit)
npm http fetch GET 200 https://registry.npmjs.org/postcss-import 2494ms (cache hit)
npm http fetch GET 200 https://registry.npmjs.org/object-hash 2498ms (cache hit)
npm http fetch GET 200 https://registry.npmjs.org/postcss-nested 2496ms (cache hit)
npm http fetch GET 200 https://registry.npmjs.org/@alloc%2fquick-lru 2498ms (cache hit)
npm http fetch GET 200 https://registry.npmjs.org/web3-eth 2495ms (cache hit)
npm http fetch GET 200 https://registry.npmjs.org/web3-types 2500ms (cache hit)
npm http fetch GET 200 https://registry.npmjs.org/postcss-load-config 2511ms (cache hit)
npm http fetch GET 200 https://registry.npmjs.org/web3-core 2508ms (cache hit)
npm http fetch GET 200 https://registry.npmjs.org/styled-jsx 2566ms (cache hit)
npm http fetch GET 200 https://registry.npmjs.org/web3-net 2521ms (cache hit)
npm http fetch GET 200 https://registry.npmjs.org/postcss-selector-parser 2530ms (cache hit)
npm http fetch GET 200 https://registry.npmjs.org/web3-eth-ens 2519ms (cache hit)
npm http fetch GET 200 https://registry.npmjs.org/web3-errors 2528ms (cache hit)
npm http fetch GET 200 https://registry.npmjs.org/@next%2fenv 2598ms (cache hit)
npm http fetch GET 200 https://registry.npmjs.org/web3-eth-abi 2563ms (cache hit)
npm http fetch GET 200 https://registry.npmjs.org/web3-rpc-methods 2566ms (cache hit)
npm http fetch GET 200 https://registry.npmjs.org/web3-utils 2579ms (cache hit)
npm http fetch GET 200 https://registry.npmjs.org/web3-eth-accounts 2592ms (cache hit)
npm http fetch GET 200 https://registry.npmjs.org/web3-validator 2601ms (cache hit)
npm http fetch GET 200 https://registry.npmjs.org/web3-eth-iban 2609ms (cache hit)
npm http fetch GET 200 https://registry.npmjs.org/@ipld%2fcar 2604ms (cache hit)
npm http fetch GET 200 https://registry.npmjs.org/web3-eth-contract 2614ms (cache hit)
npm http fetch GET 200 https://registry.npmjs.org/@web-std%2fblob 2616ms (cache hit)
npm http fetch GET 200 https://registry.npmjs.org/web3-providers-ws 2623ms (cache hit)
npm http fetch GET 200 https://registry.npmjs.org/web3-rpc-providers 2629ms (cache hit)
npm http fetch GET 200 https://registry.npmjs.org/@web-std%2ffetch 2629ms (cache hit)
npm http fetch GET 200 https://registry.npmjs.org/web3-providers-http 2635ms (cache hit)
npm http fetch GET 200 https://registry.npmjs.org/carbites 2634ms (cache hit)
npm http fetch GET 200 https://registry.npmjs.org/p-retry 2630ms (cache hit)
npm http fetch GET 200 https://registry.npmjs.org/web3-eth-personal 2649ms (cache hit)
npm http fetch GET 200 https://registry.npmjs.org/cborg 2645ms (cache hit)
npm http fetch GET 200 https://registry.npmjs.org/libp2p-crypto 2645ms (cache hit)
npm http fetch GET 200 https://registry.npmjs.org/ipfs-car 2648ms (cache hit)
npm http fetch GET 200 https://registry.npmjs.org/browser-readablestream-to-it 2655ms (cache hit)
npm http fetch GET 200 https://registry.npmjs.org/throttled-queue 2648ms (cache hit)
npm http fetch GET 200 https://registry.npmjs.org/streaming-iterables 2650ms (cache hit)
npm http fetch GET 200 https://registry.npmjs.org/@web3-storage%2fparse-link-header 2660ms (cache hit)
npm http fetch GET 200 https://registry.npmjs.org/files-from-path 2657ms (cache hit)
npm http fetch GET 200 https://registry.npmjs.org/w3name 2651ms (cache hit)
npm http fetch GET 200 https://registry.npmjs.org/@web-std%2ffile 2665ms (cache hit)
npm http fetch GET 200 https://registry.npmjs.org/uint8arrays 2654ms (cache hit)
npm http fetch GET 200 https://registry.npmjs.org/fast-glob 2709ms (cache hit)
npm http fetch GET 200 https://registry.npmjs.org/@types%2fws 24ms (cache hit)
npm http fetch GET 200 https://registry.npmjs.org/whatwg-url 31ms (cache hit)
npm http fetch GET 200 https://registry.npmjs.org/@types%2fphoenix 30ms (cache hit)
npm http fetch GET 200 https://registry.npmjs.org/tr46 12ms (cache hit)
npm http fetch GET 200 https://registry.npmjs.org/webidl-conversions 13ms (cache hit)
npm http fetch GET 200 https://registry.npmjs.org/bufferutil 10ms (cache hit)
npm http fetch GET 200 https://registry.npmjs.org/utf-8-validate 12ms (cache hit)
npm http fetch GET 200 https://registry.npmjs.org/node-releases 30ms (cache hit)
npm http fetch GET 200 https://registry.npmjs.org/update-browserslist-db 32ms (cache hit)
npm http fetch GET 200 https://registry.npmjs.org/electron-to-chromium 44ms (cache hit)
npm http fetch GET 200 https://registry.npmjs.org/escalade 15ms (cache hit)
npm http fetch GET 200 https://registry.npmjs.org/import-fresh 352ms (cache hit)
npm http fetch GET 200 https://registry.npmjs.org/@humanwhocodes%2fobject-schema 334ms (cache hit)
npm http fetch GET 200 https://registry.npmjs.org/strip-json-comments 351ms (cache hit)
npm http fetch GET 200 https://registry.npmjs.org/@nodelib%2ffs.scandir 328ms (cache hit)
npm http fetch GET 200 https://registry.npmjs.org/fast-json-stable-stringify 317ms (cache hit)
npm http fetch GET 200 https://registry.npmjs.org/fastq 332ms (cache hit)
npm http fetch GET 200 https://registry.npmjs.org/uri-js 323ms (cache hit)
npm http fetch GET 200 https://registry.npmjs.org/ansi-styles 316ms (cache hit)
npm http fetch GET 200 https://registry.npmjs.org/json-schema-traverse 323ms (cache hit)
npm http fetch GET 200 https://registry.npmjs.org/which 313ms (cache hit)
npm http fetch GET 200 https://registry.npmjs.org/supports-color 317ms (cache hit)
npm http fetch GET 200 https://registry.npmjs.org/esrecurse 305ms (cache hit)
npm http fetch GET 200 https://registry.npmjs.org/path-key 315ms (cache hit)
npm http fetch GET 200 https://registry.npmjs.org/shebang-command 315ms (cache hit)
npm http fetch GET 200 https://registry.npmjs.org/ms 313ms (cache hit)
npm http fetch GET 200 https://registry.npmjs.org/estraverse 307ms (cache hit)
npm http fetch GET 200 https://registry.npmjs.org/estraverse 300ms (cache hit)
npm http fetch GET 200 https://registry.npmjs.org/locate-path 293ms (cache hit)
npm http fetch GET 200 https://registry.npmjs.org/argparse 271ms (cache hit)
npm http fetch GET 200 https://registry.npmjs.org/acorn 308ms (cache hit)
npm http fetch GET 200 https://registry.npmjs.org/flat-cache 302ms (cache hit)
npm http fetch GET 200 https://registry.npmjs.org/type-fest 295ms (cache hit)
npm http fetch GET 200 https://registry.npmjs.org/path-exists 305ms (cache hit)
npm http fetch GET 200 https://registry.npmjs.org/acorn-jsx 320ms (cache hit)
npm http fetch GET 200 https://registry.npmjs.org/is-extglob 293ms (cache hit)
npm http fetch GET 200 https://registry.npmjs.org/brace-expansion 275ms (cache hit)
npm http fetch GET 200 https://registry.npmjs.org/prelude-ls 285ms (cache hit)
npm http fetch GET 200 https://registry.npmjs.org/deep-is 274ms (cache hit)
npm http fetch GET 200 https://registry.npmjs.org/word-wrap 273ms (cache hit)
npm http fetch GET 200 https://registry.npmjs.org/fast-levenshtein 273ms (cache hit)
npm http fetch GET 200 https://registry.npmjs.org/ansi-regex 276ms (cache hit)
npm http fetch GET 200 https://registry.npmjs.org/type-check 294ms (cache hit)
npm http fetch GET 200 https://registry.npmjs.org/type-check 283ms (cache hit)
npm http fetch GET 200 https://registry.npmjs.org/parent-module 17ms (cache hit)
npm http fetch GET 200 https://registry.npmjs.org/resolve-from 18ms (cache hit)
npm http fetch GET 200 https://registry.npmjs.org/reusify 14ms (cache hit)
npm http fetch GET 200 https://registry.npmjs.org/run-parallel 19ms (cache hit)
npm http fetch GET 200 https://registry.npmjs.org/@nodelib%2ffs.stat 19ms (cache hit)
npm http fetch GET 200 https://registry.npmjs.org/queue-microtask 7ms (cache hit)
npm http fetch GET 200 https://registry.npmjs.org/punycode 8ms (cache hit)
npm http fetch GET 200 https://registry.npmjs.org/has-flag 12ms (cache hit)
npm http fetch GET 200 https://registry.npmjs.org/color-convert 15ms (cache hit)
npm http fetch GET 200 https://registry.npmjs.org/color-name 14ms (cache hit)
npm http fetch GET 200 https://registry.npmjs.org/shebang-regex 15ms (cache hit)
npm http fetch GET 200 https://registry.npmjs.org/isexe 14ms (cache hit)
npm http fetch GET 200 https://registry.npmjs.org/eslint-plugin-import-x 11ms (cache hit)
npm http fetch GET 200 https://registry.npmjs.org/@typescript-eslint%2futils 53ms (cache hit)
npm http fetch GET 200 https://registry.npmjs.org/stable-hash 381ms (cache hit)
npm http fetch GET 200 https://registry.npmjs.org/is-core-module 393ms (cache hit)
npm http fetch GET 200 https://registry.npmjs.org/glob 409ms (cache hit)
npm http fetch GET 200 https://registry.npmjs.org/is-bun-module 391ms (cache hit)
npm http fetch GET 200 https://registry.npmjs.org/@typescript-eslint%2fvisitor-keys 428ms (cache hit)
npm http fetch GET 200 https://registry.npmjs.org/@typescript-eslint%2ftypes 489ms (cache hit)
npm http fetch GET 200 https://registry.npmjs.org/@typescript-eslint%2fscope-manager 545ms (cache hit)
npm http fetch GET 200 https://registry.npmjs.org/unrs-resolver 586ms (cache hit)
npm http fetch GET 200 https://registry.npmjs.org/array.prototype.findlastindex 579ms (cache hit)
npm http fetch GET 200 https://registry.npmjs.org/@nolyfill%2fis-core-module 587ms (cache hit)
npm http fetch GET 200 https://registry.npmjs.org/array-includes 582ms (cache hit)
npm http fetch GET 200 https://registry.npmjs.org/get-tsconfig 593ms (cache hit)
npm http fetch GET 200 https://registry.npmjs.org/@rtsao%2fscc 586ms (cache hit)
npm http fetch GET 200 https://registry.npmjs.org/hasown 579ms (cache hit)
npm http fetch GET 200 https://registry.npmjs.org/array.prototype.flat 584ms (cache hit)
npm http fetch GET 200 https://registry.npmjs.org/is-core-module 580ms (cache hit)
npm http fetch GET 200 https://registry.npmjs.org/object.fromentries 580ms (cache hit)
npm http fetch GET 200 https://registry.npmjs.org/object.values 571ms (cache hit)
npm http fetch GET 200 https://registry.npmjs.org/object.groupby 574ms (cache hit)
npm http fetch GET 200 https://registry.npmjs.org/array-includes 562ms (cache hit)
npm http fetch GET 200 https://registry.npmjs.org/array.prototype.flatmap 562ms (cache hit)
npm http fetch GET 200 https://registry.npmjs.org/eslint-module-utils 588ms (cache hit)
npm http fetch GET 200 https://registry.npmjs.org/string.prototype.trimend 574ms (cache hit)
npm http fetch GET 200 https://registry.npmjs.org/ast-types-flow 562ms (cache hit)
npm http fetch GET 200 https://registry.npmjs.org/aria-query 568ms (cache hit)
npm http fetch GET 200 https://registry.npmjs.org/array.prototype.flatmap 593ms (cache hit)
npm http fetch GET 200 https://registry.npmjs.org/damerau-levenshtein 559ms (cache hit)
npm http fetch GET 200 https://registry.npmjs.org/axobject-query 562ms (cache hit)
npm http fetch GET 200 https://registry.npmjs.org/jsx-ast-utils 558ms (cache hit)
npm http fetch GET 200 https://registry.npmjs.org/string.prototype.includes 554ms (cache hit)
npm http fetch GET 200 https://registry.npmjs.org/@typescript-eslint%2ftypescript-estree 643ms (cache hit)
npm http fetch GET 200 https://registry.npmjs.org/array.prototype.findlast 653ms (cache hit)
npm http fetch GET 200 https://registry.npmjs.org/tsconfig-paths 685ms (cache hit)
npm http fetch GET 200 https://registry.npmjs.org/language-tags 666ms (cache hit)
npm http fetch GET 200 https://registry.npmjs.org/safe-regex-test 666ms (cache hit)
npm http fetch GET 200 https://registry.npmjs.org/emoji-regex 673ms (cache hit)
npm http fetch GET 200 https://registry.npmjs.org/es-iterator-helpers 659ms (cache hit)
npm http fetch GET 200 https://registry.npmjs.org/jsx-ast-utils 660ms (cache hit)
npm http fetch GET 200 https://registry.npmjs.org/array.prototype.tosorted 665ms (cache hit)
npm http fetch GET 200 https://registry.npmjs.org/object.entries 662ms (cache hit)
npm http fetch GET 200 https://registry.npmjs.org/string.prototype.matchall 661ms (cache hit)
npm http fetch GET 200 https://registry.npmjs.org/axe-core 702ms (cache hit)
npm http fetch GET 200 https://registry.npmjs.org/prop-types 722ms (cache hit)
npm http fetch GET 200 https://registry.npmjs.org/string.prototype.repeat 728ms (cache hit)
npm http fetch GET 200 https://registry.npmjs.org/once 33ms (cache hit)
npm http fetch GET 200 https://registry.npmjs.org/inherits 32ms (cache hit)
npm http fetch GET 200 https://registry.npmjs.org/fs.realpath 33ms (cache hit)
npm http fetch GET 200 https://registry.npmjs.org/inflight 35ms (cache hit)
npm http fetch GET 200 https://registry.npmjs.org/path-is-absolute 35ms (cache hit)
npm http fetch GET 200 https://registry.npmjs.org/globby 28ms (cache hit)
npm http fetch GET 200 https://registry.npmjs.org/ts-api-utils 28ms (cache hit)
npm http fetch GET 200 https://registry.npmjs.org/merge2 47ms (cache hit)
npm http fetch GET 200 https://registry.npmjs.org/dir-glob 47ms (cache hit)
npm http fetch GET 200 https://registry.npmjs.org/array-union 48ms (cache hit)
npm http fetch GET 200 https://registry.npmjs.org/slash 52ms (cache hit)
npm http fetch GET 200 https://registry.npmjs.org/path-parse 14ms (cache hit)
npm http fetch GET 200 https://registry.npmjs.org/supports-preserve-symlinks-flag 14ms (cache hit)
npm http fetch GET 200 https://registry.npmjs.org/resolve-pkg-maps 203ms (cache hit)
npm http fetch GET 200 https://registry.npmjs.org/picomatch 197ms (cache hit)
npm http fetch GET 200 https://registry.npmjs.org/fdir 200ms (cache hit)
npm http fetch GET 200 https://registry.npmjs.org/@unrs%2fresolver-binding-win32-x64-msvc 198ms (cache hit)
npm http fetch GET 200 https://registry.npmjs.org/napi-postinstall 200ms (cache hit)
npm http fetch GET 200 https://registry.npmjs.org/@unrs%2fresolver-binding-win32-arm64-msvc 199ms (cache hit)
npm http fetch GET 200 https://registry.npmjs.org/@unrs%2fresolver-binding-android-arm64 195ms (cache hit)
npm http fetch GET 200 https://registry.npmjs.org/@unrs%2fresolver-binding-win32-ia32-msvc 200ms (cache hit)
npm http fetch GET 200 https://registry.npmjs.org/@unrs%2fresolver-binding-linux-arm64-musl 195ms (cache hit)
npm http fetch GET 200 https://registry.npmjs.org/@unrs%2fresolver-binding-linux-arm64-gnu 197ms (cache hit)
npm http fetch GET 200 https://registry.npmjs.org/@unrs%2fresolver-binding-freebsd-x64 201ms (cache hit)
npm http fetch GET 200 https://registry.npmjs.org/@unrs%2fresolver-binding-android-arm-eabi 194ms (cache hit)
npm http fetch GET 200 https://registry.npmjs.org/@unrs%2fresolver-binding-linux-x64-musl 203ms (cache hit)
npm http fetch GET 200 https://registry.npmjs.org/@unrs%2fresolver-binding-linux-arm-gnueabihf 195ms (cache hit)
npm http fetch GET 200 https://registry.npmjs.org/@unrs%2fresolver-binding-linux-riscv64-gnu 193ms (cache hit)
npm http fetch GET 200 https://registry.npmjs.org/@unrs%2fresolver-binding-linux-arm-musleabihf 196ms (cache hit)
npm http fetch GET 200 https://registry.npmjs.org/@unrs%2fresolver-binding-linux-riscv64-musl 195ms (cache hit)
npm http fetch GET 200 https://registry.npmjs.org/@unrs%2fresolver-binding-linux-s390x-gnu 195ms (cache hit)
npm http fetch GET 200 https://registry.npmjs.org/@unrs%2fresolver-binding-darwin-x64 196ms (cache hit)
npm http fetch GET 200 https://registry.npmjs.org/@unrs%2fresolver-binding-linux-x64-gnu 214ms (cache hit)
npm http fetch GET 200 https://registry.npmjs.org/@unrs%2fresolver-binding-linux-ppc64-gnu 202ms (cache hit)
npm http fetch GET 200 https://registry.npmjs.org/@unrs%2fresolver-binding-darwin-arm64 200ms (cache hit)
npm http fetch GET 200 https://registry.npmjs.org/@unrs%2fresolver-binding-wasm32-wasi 200ms (cache hit)
npm http fetch GET 200 https://registry.npmjs.org/call-bind 204ms (cache hit)
npm http fetch GET 200 https://registry.npmjs.org/define-properties 205ms (cache hit)
npm http fetch GET 200 https://registry.npmjs.org/es-object-atoms 203ms (cache hit)
npm http fetch GET 200 https://registry.npmjs.org/get-intrinsic 203ms (cache hit)
npm http fetch GET 200 https://registry.npmjs.org/es-abstract 195ms (cache hit)
npm http fetch GET 200 https://registry.npmjs.org/call-bound 216ms (cache hit)
npm http fetch GET 200 https://registry.npmjs.org/call-bound 174ms (cache hit)
npm http fetch GET 200 https://registry.npmjs.org/es-abstract 210ms (cache hit)
npm http fetch GET 200 https://registry.npmjs.org/es-errors 213ms (cache hit)
npm http fetch GET 200 https://registry.npmjs.org/call-bind 189ms (cache hit)
npm http fetch GET 200 https://registry.npmjs.org/function-bind 192ms (cache hit)
npm http fetch GET 200 https://registry.npmjs.org/es-abstract 225ms (cache hit)
npm http fetch GET 200 https://registry.npmjs.org/minimist 182ms (cache hit)
npm http fetch GET 200 https://registry.npmjs.org/math-intrinsics 227ms (cache hit)
npm http fetch GET 200 https://registry.npmjs.org/es-shim-unscopables 221ms (cache hit)
npm http fetch GET 200 https://registry.npmjs.org/es-shim-unscopables 214ms (cache hit)
npm http fetch GET 200 https://registry.npmjs.org/es-abstract 198ms (cache hit)
npm http fetch GET 200 https://registry.npmjs.org/call-bound 191ms (cache hit)
npm http fetch GET 200 https://registry.npmjs.org/strip-bom 187ms (cache hit)
npm http fetch GET 200 https://registry.npmjs.org/es-object-atoms 202ms (cache hit)
npm http fetch GET 200 https://registry.npmjs.org/json5 191ms (cache hit)
npm http fetch GET 200 https://registry.npmjs.org/@types%2fjson5 189ms (cache hit)
npm http fetch GET 200 https://registry.npmjs.org/is-string 239ms (cache hit)
npm http fetch GET 200 https://registry.npmjs.org/set-function-length 507ms (cache hit)
npm http fetch GET 200 https://registry.npmjs.org/call-bind-apply-helpers 511ms (cache hit)
npm http fetch GET 200 https://registry.npmjs.org/has-property-descriptors 491ms (cache hit)
npm http fetch GET 200 https://registry.npmjs.org/define-data-property 499ms (cache hit)
npm http fetch GET 200 https://registry.npmjs.org/es-define-property 513ms (cache hit)
npm http fetch GET 200 https://registry.npmjs.org/array-buffer-byte-length 487ms (cache hit)
npm http fetch GET 200 https://registry.npmjs.org/data-view-buffer 485ms (cache hit)
npm http fetch GET 200 https://registry.npmjs.org/arraybuffer.prototype.slice 487ms (cache hit)
npm http fetch GET 200 https://registry.npmjs.org/object-keys 494ms (cache hit)
npm http fetch GET 200 https://registry.npmjs.org/data-view-byte-offset 485ms (cache hit)
npm http fetch GET 200 https://registry.npmjs.org/es-set-tostringtag 483ms (cache hit)
npm http fetch GET 200 https://registry.npmjs.org/has-property-descriptors 476ms (cache hit)
npm http fetch GET 200 https://registry.npmjs.org/es-to-primitive 484ms (cache hit)
npm http fetch GET 200 https://registry.npmjs.org/get-symbol-description 481ms (cache hit)
npm http fetch GET 200 https://registry.npmjs.org/available-typed-arrays 492ms (cache hit)
npm http fetch GET 200 https://registry.npmjs.org/data-view-byte-length 491ms (cache hit)
npm http fetch GET 200 https://registry.npmjs.org/es-define-property 490ms (cache hit)
npm http fetch GET 200 https://registry.npmjs.org/get-proto 485ms (cache hit)
npm http fetch GET 200 https://registry.npmjs.org/function.prototype.name 487ms (cache hit)
npm http fetch GET 200 https://registry.npmjs.org/globalthis 484ms (cache hit)
npm http fetch GET 200 https://registry.npmjs.org/gopd 484ms (cache hit)
npm http fetch GET 200 https://registry.npmjs.org/internal-slot 481ms (cache hit)
npm http fetch GET 200 https://registry.npmjs.org/is-data-view 479ms (cache hit)
npm http fetch GET 200 https://registry.npmjs.org/is-array-buffer 482ms (cache hit)
npm http fetch GET 200 https://registry.npmjs.org/is-negative-zero 479ms (cache hit)
npm http fetch GET 200 https://registry.npmjs.org/has-symbols 487ms (cache hit)
npm http fetch GET 200 https://registry.npmjs.org/is-callable 485ms (cache hit)
npm http fetch GET 200 https://registry.npmjs.org/is-regex 483ms (cache hit)
npm http fetch GET 200 https://registry.npmjs.org/is-shared-array-buffer 483ms (cache hit)
npm http fetch GET 200 https://registry.npmjs.org/has-proto 494ms (cache hit)
npm http fetch GET 200 https://registry.npmjs.org/is-weakref 482ms (cache hit)
npm http fetch GET 200 https://registry.npmjs.org/is-set 487ms (cache hit)
npm http fetch GET 200 https://registry.npmjs.org/is-typed-array 486ms (cache hit)
npm http fetch GET 200 https://registry.npmjs.org/safe-push-apply 473ms (cache hit)
npm http fetch GET 200 https://registry.npmjs.org/own-keys 478ms (cache hit)
npm http fetch GET 200 https://registry.npmjs.org/regexp.prototype.flags 478ms (cache hit)
npm http fetch GET 200 https://registry.npmjs.org/object.assign 482ms (cache hit)
npm http fetch GET 200 https://registry.npmjs.org/object-inspect 486ms (cache hit)
npm http fetch GET 200 https://registry.npmjs.org/safe-array-concat 482ms (cache hit)
npm http fetch GET 200 https://registry.npmjs.org/stop-iteration-iterator 481ms (cache hit)
npm http fetch GET 200 https://registry.npmjs.org/typed-array-buffer 479ms (cache hit)
npm http fetch GET 200 https://registry.npmjs.org/typed-array-byte-length 480ms (cache hit)
npm http fetch GET 200 https://registry.npmjs.org/string.prototype.trimstart 484ms (cache hit)
npm http fetch GET 200 https://registry.npmjs.org/string.prototype.trim 487ms (cache hit)
npm http fetch GET 200 https://registry.npmjs.org/typed-array-length 481ms (cache hit)
npm http fetch GET 200 https://registry.npmjs.org/set-proto 492ms (cache hit)
npm http fetch GET 200 https://registry.npmjs.org/typed-array-byte-offset 485ms (cache hit)
npm http fetch GET 200 https://registry.npmjs.org/unbox-primitive 483ms (cache hit)
npm http fetch GET 200 https://registry.npmjs.org/which-typed-array 483ms (cache hit)
npm http fetch GET 200 https://registry.npmjs.org/has-tostringtag 468ms (cache hit)
npm http fetch GET 200 https://registry.npmjs.org/call-bind-apply-helpers 565ms (cache hit)
npm http fetch GET 200 https://registry.npmjs.org/possible-typed-array-names 193ms (cache hit)
npm http fetch GET 200 https://registry.npmjs.org/is-symbol 175ms (cache hit)
npm http fetch GET 200 https://registry.npmjs.org/functions-have-names 173ms (cache hit)
npm http fetch GET 200 https://registry.npmjs.org/is-date-object 179ms (cache hit)
npm http fetch GET 200 https://registry.npmjs.org/dunder-proto 169ms (cache hit)
npm http fetch GET 200 https://registry.npmjs.org/dunder-proto 163ms (cache hit)
npm http fetch GET 200 https://registry.npmjs.org/isarray 133ms (cache hit)
npm http fetch GET 200 https://registry.npmjs.org/side-channel 160ms (cache hit)
npm http fetch GET 200 https://registry.npmjs.org/set-function-name 137ms (cache hit)
npm http fetch GET 200 https://registry.npmjs.org/reflect.getprototypeof 116ms (cache hit)
npm http fetch GET 200 https://registry.npmjs.org/reflect.getprototypeof 114ms (cache hit)
npm http fetch GET 200 https://registry.npmjs.org/for-each 122ms (cache hit)
npm http fetch GET 200 https://registry.npmjs.org/for-each 109ms (cache hit)
npm http fetch GET 200 https://registry.npmjs.org/which-boxed-primitive 113ms (cache hit)
npm http fetch GET 200 https://registry.npmjs.org/has-bigints 115ms (cache hit)
npm http fetch GET 200 https://registry.npmjs.org/language-subtag-registry 12ms (cache hit)
npm http fetch GET 200 https://registry.npmjs.org/iterator.prototype 33ms (cache hit)
npm http fetch GET 200 https://registry.npmjs.org/object-assign 39ms (cache hit)
npm http fetch GET 200 https://registry.npmjs.org/react-is 48ms (cache hit)
npm http fetch GET 200 https://registry.npmjs.org/scrypt-js 81ms (cache hit)
npm http fetch GET 200 https://registry.npmjs.org/bn.js 100ms (cache hit)
npm http fetch GET 200 https://registry.npmjs.org/js-sha3 81ms (cache hit)
npm http fetch GET 200 https://registry.npmjs.org/bech32 70ms (cache hit)
npm http fetch GET 200 https://registry.npmjs.org/hash.js 66ms (cache hit)
npm http fetch GET 200 https://registry.npmjs.org/aes-js 89ms (cache hit)
npm http fetch GET 200 https://registry.npmjs.org/elliptic 65ms (cache hit)
npm http fetch GET 200 https://registry.npmjs.org/minimalistic-assert 11ms (cache hit)
npm http fetch GET 200 https://registry.npmjs.org/minimalistic-crypto-utils 13ms (cache hit)
npm http fetch GET 200 https://registry.npmjs.org/brorand 17ms (cache hit)
npm http fetch GET 200 https://registry.npmjs.org/hmac-drbg 16ms (cache hit)
npm http fetch GET 200 https://registry.npmjs.org/keyv 14ms (cache hit)
npm http fetch GET 200 https://registry.npmjs.org/rimraf 17ms (cache hit)
npm http fetch GET 200 https://registry.npmjs.org/flatted 20ms (cache hit)
npm http fetch GET 200 https://registry.npmjs.org/p-locate 8ms (cache hit)
npm http fetch GET 200 https://registry.npmjs.org/json-buffer 13ms (cache hit)
npm http fetch GET 200 https://registry.npmjs.org/wrappy 11ms (cache hit)
npm http fetch GET 200 https://registry.npmjs.org/path-type 15ms (cache hit)
npm http fetch GET 200 https://registry.npmjs.org/braces 10ms (cache hit)
npm http fetch GET 200 https://registry.npmjs.org/@nomicfoundation%2fedr-linux-x64-gnu 484ms (cache hit)
npm http fetch GET 200 https://registry.npmjs.org/@nomicfoundation%2fedr-darwin-x64 487ms (cache hit)
npm http fetch GET 200 https://registry.npmjs.org/@nomicfoundation%2fedr-linux-x64-musl 486ms (cache hit)
npm http fetch GET 200 https://registry.npmjs.org/@nomicfoundation%2fsolidity-analyzer-darwin-x64 482ms (cache hit)
npm http fetch GET 200 https://registry.npmjs.org/@nomicfoundation%2fsolidity-analyzer-darwin-arm64 484ms (cache hit)
npm http fetch GET 200 https://registry.npmjs.org/@nomicfoundation%2fedr-darwin-arm64 491ms (cache hit)
npm http fetch GET 200 https://registry.npmjs.org/@nomicfoundation%2fsolidity-analyzer-linux-arm64-musl 483ms (cache hit)
npm http fetch GET 200 https://registry.npmjs.org/@ethereumjs%2frlp 496ms (cache hit)
npm http fetch GET 200 https://registry.npmjs.org/@nomicfoundation%2fedr-win32-x64-msvc 491ms (cache hit)
npm http fetch GET 200 https://registry.npmjs.org/@nomicfoundation%2fsolidity-analyzer-linux-arm64-gnu 487ms (cache hit)
npm http fetch GET 200 https://registry.npmjs.org/@nomicfoundation%2fedr-linux-arm64-musl 493ms (cache hit)
npm http fetch GET 200 https://registry.npmjs.org/tslib 481ms (cache hit)
npm http fetch GET 200 https://registry.npmjs.org/@nomicfoundation%2fedr-linux-arm64-gnu 497ms (cache hit)
npm http fetch GET 200 https://registry.npmjs.org/@nomicfoundation%2fsolidity-analyzer-linux-x64-gnu 488ms (cache hit)
npm http fetch GET 200 https://registry.npmjs.org/@nomicfoundation%2fsolidity-analyzer-win32-x64-msvc 487ms (cache hit)
npm http fetch GET 200 https://registry.npmjs.org/@nomicfoundation%2fsolidity-analyzer-linux-x64-musl 489ms (cache hit)
npm http fetch GET 200 https://registry.npmjs.org/@sentry%2futils 483ms (cache hit)
npm http fetch GET 200 https://registry.npmjs.org/@sentry%2ftypes 493ms (cache hit)
npm http fetch GET 200 https://registry.npmjs.org/clean-stack 496ms (cache hit)
npm http fetch GET 200 https://registry.npmjs.org/indent-string 497ms (cache hit)
npm http fetch GET 200 https://registry.npmjs.org/wrap-ansi 493ms (cache hit)
npm http fetch GET 200 https://registry.npmjs.org/@sentry%2fcore 510ms (cache hit)
npm http fetch GET 200 https://registry.npmjs.org/cookie 519ms (cache hit)
npm http fetch GET 200 https://registry.npmjs.org/camelcase 509ms (cache hit)
npm http fetch GET 200 https://registry.npmjs.org/ansi-align 507ms (cache hit)
npm http fetch GET 200 https://registry.npmjs.org/widest-line 508ms (cache hit)
npm http fetch GET 200 https://registry.npmjs.org/string-width 508ms (cache hit)
npm http fetch GET 200 https://registry.npmjs.org/readdirp 507ms (cache hit)
npm http fetch GET 200 https://registry.npmjs.org/@noble%2fhashes 501ms (cache hit)
npm http fetch GET 200 https://registry.npmjs.org/@scure%2fbip39 503ms (cache hit)
npm http fetch GET 200 https://registry.npmjs.org/jsonfile 499ms (cache hit)
npm http fetch GET 200 https://registry.npmjs.org/@sentry%2fhub 531ms (cache hit)
npm http fetch GET 200 https://registry.npmjs.org/@scure%2fbip32 514ms (cache hit)
npm http fetch GET 200 https://registry.npmjs.org/@noble%2fsecp256k1 512ms (cache hit)
npm http fetch GET 200 https://registry.npmjs.org/cli-boxes 528ms (cache hit)
npm http fetch GET 200 https://registry.npmjs.org/@noble%2fhashes 493ms (cache hit)
npm http fetch GET 200 https://registry.npmjs.org/graceful-fs 512ms (cache hit)
npm http fetch GET 200 https://registry.npmjs.org/universalify 514ms (cache hit)
npm http fetch GET 200 https://registry.npmjs.org/node-gyp-build 509ms (cache hit)
npm http fetch GET 200 https://registry.npmjs.org/ansi-colors 526ms (cache hit)
npm http fetch GET 200 https://registry.npmjs.org/ansi-colors 492ms (cache hit)
npm http fetch GET 200 https://registry.npmjs.org/obliterator 501ms (cache hit)
npm http fetch GET 200 https://registry.npmjs.org/node-addon-api 516ms (cache hit)
npm http fetch GET 200 https://registry.npmjs.org/micro-packed 508ms (cache hit)
npm http fetch GET 200 https://registry.npmjs.org/he 503ms (cache hit)
npm http fetch GET 200 https://registry.npmjs.org/@noble%2fcurves 510ms (cache hit)
npm http fetch GET 200 https://registry.npmjs.org/workerpool 504ms (cache hit)
npm http fetch GET 200 https://registry.npmjs.org/log-symbols 504ms (cache hit)
npm http fetch GET 200 https://registry.npmjs.org/readable-stream 525ms (cache hit)
npm http fetch GET 200 https://registry.npmjs.org/bytes 509ms (cache hit)
npm http fetch GET 200 https://registry.npmjs.org/diff 521ms (cache hit)
npm http fetch GET 200 https://registry.npmjs.org/unpipe 513ms (cache hit)
npm http fetch GET 200 https://registry.npmjs.org/yargs-parser 520ms (cache hit)
npm http fetch GET 200 https://registry.npmjs.org/serialize-javascript 522ms (cache hit)
npm http fetch GET 200 https://registry.npmjs.org/yargs-unparser 524ms (cache hit)
npm http fetch GET 200 https://registry.npmjs.org/browser-stdout 526ms (cache hit)
npm http fetch GET 200 https://registry.npmjs.org/iconv-lite 521ms (cache hit)
npm http fetch GET 200 https://registry.npmjs.org/http-errors 522ms (cache hit)
npm http fetch GET 200 https://registry.npmjs.org/follow-redirects 516ms (cache hit)
npm http fetch GET 200 https://registry.npmjs.org/yargs 541ms (cache hit)
npm http fetch GET 200 https://registry.npmjs.org/memorystream 532ms (cache hit)
npm http fetch GET 200 https://registry.npmjs.org/source-map 529ms (cache hit)
npm http fetch GET 200 https://registry.npmjs.org/commander 536ms (cache hit)
npm http fetch GET 200 https://registry.npmjs.org/tmp 540ms (cache hit)
npm http fetch GET 200 https://registry.npmjs.org/@fastify%2fbusboy 531ms (cache hit)
npm http fetch GET 200 https://registry.npmjs.org/command-exists 541ms (cache hit)
npm http fetch GET 200 https://registry.npmjs.org/buffer-from 539ms (cache hit)
npm http fetch GET 200 https://registry.npmjs.org/lru_map 616ms (cache hit)
npm http fetch GET 200 https://registry.npmjs.org/@sentry%2ftracing 614ms (cache hit)
npm http fetch GET 200 https://registry.npmjs.org/agent-base 15ms (cache hit)
npm http fetch GET 200 https://registry.npmjs.org/@sentry%2fminimal 37ms (cache hit)
npm http fetch GET 200 https://registry.npmjs.org/is-fullwidth-code-point 12ms (cache hit)
npm http fetch GET 200 https://registry.npmjs.org/@scure%2fbase 10ms (cache hit)
npm http fetch GET 200 https://registry.npmjs.org/callsites 9ms (cache hit)
npm http fetch GET 200 https://registry.npmjs.org/side-channel-weakmap 22ms (cache hit)
npm http fetch GET 200 https://registry.npmjs.org/side-channel-map 24ms (cache hit)
npm http fetch GET 200 https://registry.npmjs.org/side-channel-list 27ms (cache hit)
npm http fetch GET 200 https://registry.npmjs.org/util-deprecate 11ms (cache hit)
npm http fetch GET 200 https://registry.npmjs.org/string_decoder 14ms (cache hit)
npm http fetch GET 200 https://registry.npmjs.org/p-limit 9ms (cache hit)
npm http fetch GET 200 https://registry.npmjs.org/fill-range 24ms (cache hit)
npm http fetch GET 200 https://registry.npmjs.org/to-regex-range 48ms (cache hit)
npm http fetch GET 200 https://registry.npmjs.org/is-number 14ms (cache hit)
npm http fetch GET 200 https://registry.npmjs.org/balanced-match 20ms (cache hit)
npm http fetch GET 200 https://registry.npmjs.org/concat-map 19ms (cache hit)
npm http fetch GET 200 https://registry.npmjs.org/is-unicode-supported 135ms (cache hit)
npm http fetch GET 200 https://registry.npmjs.org/anymatch 156ms (cache hit)
npm http fetch GET 200 https://registry.npmjs.org/is-binary-path 153ms (cache hit)
npm http fetch GET 200 https://registry.npmjs.org/y18n 121ms (cache hit)
npm http fetch GET 200 https://registry.npmjs.org/randombytes 131ms (cache hit)
npm http fetch GET 200 https://registry.npmjs.org/fsevents 152ms (cache hit)
npm http fetch GET 200 https://registry.npmjs.org/cliui 123ms (cache hit)
npm http fetch GET 200 https://registry.npmjs.org/get-caller-file 122ms (cache hit)
npm http fetch GET 200 https://registry.npmjs.org/is-plain-obj 113ms (cache hit)
npm http fetch GET 200 https://registry.npmjs.org/decamelize 117ms (cache hit)
npm http fetch GET 200 https://registry.npmjs.org/require-directory 124ms (cache hit)
npm http fetch GET 200 https://registry.npmjs.org/flat 117ms (cache hit)
npm http fetch GET 200 https://registry.npmjs.org/glob-to-regexp 19ms (cache hit)
npm http fetch GET 200 https://registry.npmjs.org/streamsearch 38ms (cache hit)
npm http fetch GET 200 https://registry.npmjs.org/client-only 25ms (cache hit)
npm http fetch GET 200 https://registry.npmjs.org/yocto-queue 9ms (cache hit)
npm http fetch GET 200 https://registry.npmjs.org/js-tokens 12ms (cache hit)
npm http fetch GET 200 https://registry.npmjs.org/toidentifier 34ms (cache hit)
npm http fetch GET 200 https://registry.npmjs.org/depd 38ms (cache hit)
npm http fetch GET 200 https://registry.npmjs.org/setprototypeof 37ms (cache hit)
npm http fetch GET 200 https://registry.npmjs.org/safer-buffer 35ms (cache hit)
npm http fetch GET 200 https://registry.npmjs.org/statuses 41ms (cache hit)
npm http fetch GET 200 https://registry.npmjs.org/safe-buffer 13ms (cache hit)
npm http fetch GET 200 https://registry.npmjs.org/os-tmpdir 9ms (cache hit)
npm http fetch GET 200 https://registry.npmjs.org/proc-log 110ms (cache hit)
npm http fetch GET 200 https://registry.npmjs.org/write-file-atomic 108ms (cache hit)
npm http fetch GET 200 https://registry.npmjs.org/fetch-blob 104ms (cache hit)
npm http fetch GET 200 https://registry.npmjs.org/cmd-shim 118ms (cache hit)
npm http fetch GET 200 https://registry.npmjs.org/read-cmd-shim 117ms (cache hit)
npm http fetch GET 200 https://registry.npmjs.org/formdata-polyfill 109ms (cache hit)
npm http fetch GET 200 https://registry.npmjs.org/data-uri-to-buffer 112ms (cache hit)
npm http fetch GET 200 https://registry.npmjs.org/npm-normalize-package-bin 118ms (cache hit)
npm http fetch GET 200 https://registry.npmjs.org/chownr 109ms (cache hit)
npm http fetch GET 200 https://registry.npmjs.org/minizlib 108ms (cache hit)
npm http fetch GET 200 https://registry.npmjs.org/@isaacs%2ffs-minipass 112ms (cache hit)
npm http fetch GET 200 https://registry.npmjs.org/minipass 111ms (cache hit)
npm http fetch GET 200 https://registry.npmjs.org/yallist 111ms (cache hit)
npm http fetch GET 200 https://registry.npmjs.org/mkdirp 113ms (cache hit)
npm http fetch GET 200 https://registry.npmjs.org/signal-exit 9ms (cache hit)
npm http fetch GET 200 https://registry.npmjs.org/web-streams-polyfill 15ms (cache hit)
npm http fetch GET 200 https://registry.npmjs.org/node-domexception 20ms (cache hit)
npm http fetch GET 200 https://registry.npmjs.org/read-cache 82ms (cache hit)
npm http fetch GET 200 https://registry.npmjs.org/yaml 73ms (cache hit)
npm http fetch GET 200 https://registry.npmjs.org/cssesc 70ms (cache hit)
npm http fetch GET 200 https://registry.npmjs.org/mz 66ms (cache hit)
npm http fetch GET 200 https://registry.npmjs.org/camelcase-css 86ms (cache hit)
npm http fetch GET 200 https://registry.npmjs.org/@jridgewell%2fgen-mapping 71ms (cache hit)
npm http fetch GET 200 https://registry.npmjs.org/lines-and-columns 72ms (cache hit)
npm http fetch GET 200 https://registry.npmjs.org/pirates 73ms (cache hit)
npm http fetch GET 200 https://registry.npmjs.org/ts-interface-checker 74ms (cache hit)
npm http fetch GET 200 https://registry.npmjs.org/pify 14ms (cache hit)
npm http fetch GET 200 https://registry.npmjs.org/@jridgewell%2fsourcemap-codec 88ms (cache hit)
npm http fetch GET 200 https://registry.npmjs.org/path-scurry 82ms (cache hit)
npm http fetch GET 200 https://registry.npmjs.org/@jridgewell%2ftrace-mapping 90ms (cache hit)
npm http fetch GET 200 https://registry.npmjs.org/jackspeak 88ms (cache hit)
npm http fetch GET 200 https://registry.npmjs.org/package-json-from-dist 88ms (cache hit)
npm http fetch GET 200 https://registry.npmjs.org/foreground-child 90ms (cache hit)
npm http fetch GET 200 https://registry.npmjs.org/any-promise 91ms (cache hit)
npm http fetch GET 200 https://registry.npmjs.org/thenify-all 91ms (cache hit)
npm http fetch GET 200 https://registry.npmjs.org/@jridgewell%2fresolve-uri 8ms (cache hit)
npm http fetch GET 200 https://registry.npmjs.org/thenify 9ms (cache hit)
npm http fetch GET 200 https://registry.npmjs.org/which-builtin-type 8ms (cache hit)
npm http fetch GET 200 https://registry.npmjs.org/is-generator-function 16ms (cache hit)
npm http fetch GET 200 https://registry.npmjs.org/is-finalizationregistry 37ms (cache hit)
npm http fetch GET 200 https://registry.npmjs.org/is-async-function 40ms (cache hit)
npm http fetch GET 200 https://registry.npmjs.org/which-collection 37ms (cache hit)
npm http fetch GET 200 https://registry.npmjs.org/is-boolean-object 15ms (cache hit)
npm http fetch GET 200 https://registry.npmjs.org/is-number-object 16ms (cache hit)
npm http fetch GET 200 https://registry.npmjs.org/is-bigint 19ms (cache hit)
npm http fetch GET 200 https://registry.npmjs.org/@napi-rs%2fwasm-runtime 13ms (cache hit)
npm http fetch GET 200 https://registry.npmjs.org/@emnapi%2fruntime 16ms (cache hit)
npm http fetch GET 200 https://registry.npmjs.org/@tybys%2fwasm-util 17ms (cache hit)
npm http fetch GET 200 https://registry.npmjs.org/@emnapi%2fcore 26ms (cache hit)
npm http fetch GET 200 https://registry.npmjs.org/@emnapi%2fwasi-threads 12ms (cache hit)
npm http fetch GET 200 https://registry.npmjs.org/crc-32 107ms (cache hit)
npm http fetch GET 200 https://registry.npmjs.org/web3-providers-ipc 124ms (cache hit)
npm http fetch GET 200 https://registry.npmjs.org/setimmediate 131ms (cache hit)
npm http fetch GET 200 https://registry.npmjs.org/abitype 129ms (cache hit)
npm http fetch GET 200 https://registry.npmjs.org/isomorphic-ws 102ms (cache hit)
npm http fetch GET 200 https://registry.npmjs.org/@adraffy%2fens-normalize 120ms (cache hit)
npm http fetch GET 200 https://registry.npmjs.org/cross-fetch 108ms (cache hit)
npm http fetch GET 200 https://registry.npmjs.org/eventemitter3 90ms (cache hit)
npm http fetch GET 200 https://registry.npmjs.org/util 85ms (cache hit)
npm http fetch GET 200 https://registry.npmjs.org/encoding 13ms (cache hit)
npm http fetch GET 200 https://registry.npmjs.org/is-arguments 8ms (cache hit)
npm http fetch GET 200 https://registry.npmjs.org/web-encoding 362ms (cache hit)
npm http fetch GET 200 https://registry.npmjs.org/varint 368ms (cache hit)
npm http fetch GET 200 https://registry.npmjs.org/@web-std%2fstream 360ms (cache hit)
npm http fetch GET 200 https://registry.npmjs.org/@web-std%2fstream 366ms (cache hit)
npm http fetch GET 200 https://registry.npmjs.org/@web3-storage%2fmultipart-parser 362ms (cache hit)
npm http fetch GET 200 https://registry.npmjs.org/@ipld%2fdag-cbor 372ms (cache hit)
npm http fetch GET 200 https://registry.npmjs.org/@web-std%2fform-data 369ms (cache hit)
npm http fetch GET 200 https://registry.npmjs.org/multiformats 378ms (cache hit)
npm http fetch GET 200 https://registry.npmjs.org/abort-controller 374ms (cache hit)
npm http fetch GET 200 https://registry.npmjs.org/multiformats 365ms (cache hit)
npm http fetch GET 200 https://registry.npmjs.org/@ipld%2fdag-cbor 371ms (cache hit)
npm http fetch GET 200 https://registry.npmjs.org/it-glob 367ms (cache hit)
npm http fetch GET 200 https://registry.npmjs.org/err-code 367ms (cache hit)
npm http fetch GET 200 https://registry.npmjs.org/@ipld%2fdag-pb 376ms (cache hit)
npm http fetch GET 200 https://registry.npmjs.org/it-last 364ms (cache hit)
npm http fetch GET 200 https://registry.npmjs.org/meow 372ms (cache hit)
npm http fetch GET 200 https://registry.npmjs.org/ipfs-unixfs 378ms (cache hit)
npm http fetch GET 200 https://registry.npmjs.org/bl 378ms (cache hit)
npm http fetch GET 200 https://registry.npmjs.org/move-file 376ms (cache hit)
npm http fetch GET 200 https://registry.npmjs.org/it-pipe 378ms (cache hit)
npm http fetch GET 200 https://registry.npmjs.org/multiformats 370ms (cache hit)
npm http fetch GET 200 https://registry.npmjs.org/idb-keyval 381ms (cache hit)
npm http fetch GET 200 https://registry.npmjs.org/mrmime 407ms (cache hit)
npm http fetch GET 200 https://registry.npmjs.org/ipfs-utils 378ms (cache hit)
npm http fetch GET 200 https://registry.npmjs.org/stream-to-it 379ms (cache hit)
npm http fetch GET 200 https://registry.npmjs.org/blockstore-core 378ms (cache hit)
npm http fetch GET 200 https://registry.npmjs.org/ipfs-unixfs-importer 375ms (cache hit)
npm http fetch GET 200 https://registry.npmjs.org/interface-blockstore 383ms (cache hit)
npm http fetch GET 200 https://registry.npmjs.org/ipfs-unixfs-exporter 386ms (cache hit)
npm http fetch GET 200 https://registry.npmjs.org/@noble%2fed25519 388ms (cache hit)
npm http fetch GET 200 https://registry.npmjs.org/ipfs-core-utils 401ms (cache hit)
npm http fetch GET 200 https://registry.npmjs.org/iso-random-stream 398ms (cache hit)
npm http fetch GET 200 https://registry.npmjs.org/node-forge 397ms (cache hit)
npm http fetch GET 200 https://registry.npmjs.org/ipfs-core-types 413ms (cache hit)
npm http fetch GET 200 https://registry.npmjs.org/it-all 432ms (cache hit)
npm http fetch GET 200 https://registry.npmjs.org/retry 402ms (cache hit)
npm http fetch GET 200 https://registry.npmjs.org/multiformats 408ms (cache hit)
npm http fetch GET 200 https://registry.npmjs.org/@types%2fretry 406ms (cache hit)
npm http fetch GET 200 https://registry.npmjs.org/multiformats 401ms (cache hit)
npm http fetch GET 200 https://registry.npmjs.org/protobufjs 415ms (cache hit)
npm http fetch GET 200 https://registry.npmjs.org/@libp2p%2fcrypto 413ms (cache hit)
npm http fetch GET 200 https://registry.npmjs.org/@libp2p%2finterface 422ms (cache hit)
npm http fetch GET 200 https://registry.npmjs.org/multiformats 427ms (cache hit)
npm http fetch GET 200 https://registry.npmjs.org/ipns 431ms (cache hit)
npm http fetch GET 200 https://registry.npmjs.org/@zxing%2ftext-encoding 8ms (cache hit)
npm http fetch GET 200 https://registry.npmjs.org/event-target-shim 12ms (cache hit)
npm http fetch GET 200 https://registry.npmjs.org/@types%2fminimatch 10ms (cache hit)
npm http fetch GET 200 https://registry.npmjs.org/it-take 273ms (cache hit)
npm http fetch GET 200 https://registry.npmjs.org/it-filter 272ms (cache hit)
npm http fetch GET 200 https://registry.npmjs.org/buffer 278ms (cache hit)
npm http fetch GET 200 https://registry.npmjs.org/it-drain 276ms (cache hit)
npm http fetch GET 200 https://registry.npmjs.org/interface-store 271ms (cache hit)
npm http fetch GET 200 https://registry.npmjs.org/any-signal 259ms (cache hit)
npm http fetch GET 200 https://registry.npmjs.org/interface-store 277ms (cache hit)
npm http fetch GET 200 https://registry.npmjs.org/interface-datastore 270ms (cache hit)
npm http fetch GET 200 https://registry.npmjs.org/blob-to-it 261ms (cache hit)
npm http fetch GET 200 https://registry.npmjs.org/it-peekable 260ms (cache hit)
npm http fetch GET 200 https://registry.npmjs.org/it-to-stream 260ms (cache hit)
npm http fetch GET 200 https://registry.npmjs.org/multiaddr 272ms (cache hit)
npm http fetch GET 200 https://registry.npmjs.org/it-map 264ms (cache hit)
npm http fetch GET 200 https://registry.npmjs.org/timeout-abort-controller 259ms (cache hit)
npm http fetch GET 200 https://registry.npmjs.org/merge-options 262ms (cache hit)
npm http fetch GET 200 https://registry.npmjs.org/parse-duration 262ms (cache hit)
npm http fetch GET 200 https://registry.npmjs.org/buffer 246ms (cache hit)
npm http fetch GET 200 https://registry.npmjs.org/multiaddr-to-uri 269ms (cache hit)
npm http fetch GET 200 https://registry.npmjs.org/it-batch 261ms (cache hit)
npm http fetch GET 200 https://registry.npmjs.org/@multiformats%2fmurmur3 265ms (cache hit)
npm http fetch GET 200 https://registry.npmjs.org/any-signal 256ms (cache hit)
npm http fetch GET 200 https://registry.npmjs.org/hamt-sharding 268ms (cache hit)
npm http fetch GET 200 https://registry.npmjs.org/rabin-wasm 263ms (cache hit)
npm http fetch GET 200 https://registry.npmjs.org/is-electron 256ms (cache hit)
npm http fetch GET 200 https://registry.npmjs.org/electron-fetch 257ms (cache hit)
npm http fetch GET 200 https://registry.npmjs.org/redent 246ms (cache hit)
npm http fetch GET 200 https://registry.npmjs.org/it-parallel-batch 265ms (cache hit)
npm http fetch GET 200 https://registry.npmjs.org/native-fetch 257ms (cache hit)
npm http fetch GET 200 https://registry.npmjs.org/it-first 268ms (cache hit)
npm http fetch GET 200 https://registry.npmjs.org/read-pkg-up 248ms (cache hit)
npm http fetch GET 200 https://registry.npmjs.org/iso-url 260ms (cache hit)
npm http fetch GET 200 https://registry.npmjs.org/trim-newlines 249ms (cache hit)
npm http fetch GET 200 https://registry.npmjs.org/react-native-fetch-api 260ms (cache hit)
npm http fetch GET 200 https://registry.npmjs.org/decamelize-keys 247ms (cache hit)
npm http fetch GET 200 https://registry.npmjs.org/camelcase-keys 250ms (cache hit)
npm http fetch GET 200 https://registry.npmjs.org/hard-rejection 250ms (cache hit)
npm http fetch GET 200 https://registry.npmjs.org/@types%2fminimist 251ms (cache hit)
npm http fetch GET 200 https://registry.npmjs.org/normalize-package-data 244ms (cache hit)
npm http fetch GET 200 https://registry.npmjs.org/get-iterator 241ms (cache hit)
npm http fetch GET 200 https://registry.npmjs.org/minimist-options 247ms (cache hit)
npm http fetch GET 200 https://registry.npmjs.org/ieee754 14ms (cache hit)
npm http fetch GET 200 https://registry.npmjs.org/base64-js 16ms (cache hit)
npm http fetch GET 200 https://registry.npmjs.org/is-ip 15ms (cache hit)
npm http fetch GET 200 https://registry.npmjs.org/dns-over-http-resolver 17ms (cache hit)
npm http fetch GET 200 https://registry.npmjs.org/fast-fifo 28ms (cache hit)
npm http fetch GET 200 https://registry.npmjs.org/native-abort-controller 38ms (cache hit)
npm http fetch GET 200 https://registry.npmjs.org/p-defer 30ms (cache hit)
npm http fetch GET 200 https://registry.npmjs.org/p-fifo 30ms (cache hit)
npm http fetch GET 200 https://registry.npmjs.org/retimer 25ms (cache hit)
npm http fetch GET 200 https://registry.npmjs.org/@protobufjs%2fpool 72ms (cache hit)
npm http fetch GET 200 https://registry.npmjs.org/@protobufjs%2futf8 72ms (cache hit)
npm http fetch GET 200 https://registry.npmjs.org/@protobufjs%2fbase64 70ms (cache hit)
npm http fetch GET 200 https://registry.npmjs.org/@protobufjs%2fpath 75ms (cache hit)
npm http fetch GET 200 https://registry.npmjs.org/@protobufjs%2ffetch 75ms (cache hit)
npm http fetch GET 200 https://registry.npmjs.org/@protobufjs%2ffloat 75ms (cache hit)
npm http fetch GET 200 https://registry.npmjs.org/long 80ms (cache hit)
npm http fetch GET 200 https://registry.npmjs.org/@types%2flong 83ms (cache hit)
npm http fetch GET 200 https://registry.npmjs.org/@protobufjs%2faspromise 77ms (cache hit)
npm http fetch GET 200 https://registry.npmjs.org/@protobufjs%2fcodegen 79ms (cache hit)
npm http fetch GET 200 https://registry.npmjs.org/@protobufjs%2finquire 78ms (cache hit)
npm http fetch GET 200 https://registry.npmjs.org/@protobufjs%2feventemitter 79ms (cache hit)
npm http fetch GET 200 https://registry.npmjs.org/murmurhash3js-revisited 11ms (cache hit)
npm http fetch GET 200 https://registry.npmjs.org/sparse-array 9ms (cache hit)
npm http fetch GET 200 https://registry.npmjs.org/@assemblyscript%2floader 16ms (cache hit)
npm http fetch GET 200 https://registry.npmjs.org/events 10ms (cache hit)
npm http fetch GET 200 https://registry.npmjs.org/arrify 67ms (cache hit)
npm http fetch GET 200 https://registry.npmjs.org/map-obj 79ms (cache hit)
npm http fetch GET 200 https://registry.npmjs.org/quick-lru 80ms (cache hit)
npm http fetch GET 200 https://registry.npmjs.org/kind-of 73ms (cache hit)
npm http fetch GET 200 https://registry.npmjs.org/hosted-git-info 72ms (cache hit)
npm http fetch GET 200 https://registry.npmjs.org/read-pkg 71ms (cache hit)
npm http fetch GET 200 https://registry.npmjs.org/map-obj 84ms (cache hit)
npm http fetch GET 200 https://registry.npmjs.org/validate-npm-package-license 77ms (cache hit)
npm http fetch GET 200 https://registry.npmjs.org/strip-indent 72ms (cache hit)
npm http fetch GET 200 https://registry.npmjs.org/ip-regex 9ms (cache hit)
npm http fetch GET 200 https://registry.npmjs.org/receptacle 13ms (cache hit)
npm http fetch GET 200 https://registry.npmjs.org/spdx-expression-parse 16ms (cache hit)
npm http fetch GET 200 https://registry.npmjs.org/lru-cache 21ms (cache hit)
npm http fetch GET 200 https://registry.npmjs.org/spdx-correct 24ms (cache hit)
npm http fetch GET 200 https://registry.npmjs.org/@types%2fnormalize-package-data 19ms (cache hit)
npm http fetch GET 200 https://registry.npmjs.org/parse-json 19ms (cache hit)
npm http fetch GET 200 https://registry.npmjs.org/json-parse-even-better-errors 22ms (cache hit)
npm http fetch GET 200 https://registry.npmjs.org/error-ex 26ms (cache hit)
npm http fetch GET 200 https://registry.npmjs.org/@babel%2fcode-frame 26ms (cache hit)
npm http fetch GET 200 https://registry.npmjs.org/is-arrayish 11ms (cache hit)
npm http fetch GET 200 https://registry.npmjs.org/@babel%2fhelper-validator-identifier 15ms (cache hit)
npm http fetch GET 200 https://registry.npmjs.org/min-indent 8ms (cache hit)
npm http fetch GET 200 https://registry.npmjs.org/spdx-license-ids 12ms (cache hit)
npm http fetch GET 200 https://registry.npmjs.org/spdx-exceptions 11ms (cache hit)
npm http fetch GET 200 https://registry.npmjs.org/main-event 72ms (cache hit)
npm http fetch GET 200 https://registry.npmjs.org/it-pushable 72ms (cache hit)
npm http fetch GET 200 https://registry.npmjs.org/protons-runtime 79ms (cache hit)
npm http fetch GET 200 https://registry.npmjs.org/uint8arraylist 82ms (cache hit)
npm http fetch GET 200 https://registry.npmjs.org/it-stream-types 80ms (cache hit)
npm http fetch GET 200 https://registry.npmjs.org/@multiformats%2fdns 79ms (cache hit)
npm http fetch GET 200 https://registry.npmjs.org/@multiformats%2fmultiaddr 79ms (cache hit)
npm http fetch GET 200 https://registry.npmjs.org/progress-events 85ms (cache hit)
npm http fetch GET 200 https://registry.npmjs.org/@libp2p%2flogger 77ms (cache hit)
npm http fetch GET 200 https://registry.npmjs.org/timestamp-nano 83ms (cache hit)
npm http fetch GET 200 https://registry.npmjs.org/uint8-varint 18ms (cache hit)
npm http fetch GET 200 https://registry.npmjs.org/@chainsafe%2fis-ip 52ms (cache hit)
npm http fetch GET 200 https://registry.npmjs.org/abort-error 55ms (cache hit)
npm http fetch GET 200 https://registry.npmjs.org/hashlru 61ms (cache hit)
npm http fetch GET 200 https://registry.npmjs.org/dns-packet 63ms (cache hit)
npm http fetch GET 200 https://registry.npmjs.org/@chainsafe%2fnetmask 56ms (cache hit)
npm http fetch GET 200 https://registry.npmjs.org/p-queue 65ms (cache hit)
npm http fetch GET 200 https://registry.npmjs.org/p-timeout 13ms (cache hit)
npm http fetch GET 200 https://registry.npmjs.org/@leichtgewicht%2fip-codec 20ms (cache hit)
npm http fetch GET 200 https://registry.npmjs.org/weald 29ms (cache hit)
npm http fetch GET 200 https://registry.npmjs.org/is-map 25ms (cache hit)
npm http fetch GET 200 https://registry.npmjs.org/is-weakmap 30ms (cache hit)
npm http fetch GET 200 https://registry.npmjs.org/async-function 37ms (cache hit)
npm http fetch GET 200 https://registry.npmjs.org/is-weakset 32ms (cache hit)
npm http fetch GET 200 https://registry.npmjs.org/binary-extensions 12ms (cache hit)
npm http fetch GET 200 https://registry.npmjs.org/p-try 9ms (cache hit)
npm http fetch GET 200 https://registry.npmjs.org/@isaacs%2fcliui 22ms (cache hit)
npm http fetch GET 200 https://registry.npmjs.org/@pkgjs%2fparseargs 22ms (cache hit)
npm http fetch GET 200 https://registry.npmjs.org/eastasianwidth 29ms (cache hit)
npm verb reify failed optional dependency C:\Users\sagar\naks.io\node_modules\fsevents
npm verb reify failed optional dependency C:\Users\sagar\naks.io\node_modules\@unrs\resolver-binding-win32-ia32-msvc
npm verb reify failed optional dependency C:\Users\sagar\naks.io\node_modules\@unrs\resolver-binding-win32-arm64-msvc
npm verb reify failed optional dependency C:\Users\sagar\naks.io\node_modules\@unrs\resolver-binding-wasm32-wasi
npm verb reify failed optional dependency C:\Users\sagar\naks.io\node_modules\@napi-rs\wasm-runtime
npm verb reify failed optional dependency C:\Users\sagar\naks.io\node_modules\@emnapi\core
npm verb reify failed optional dependency C:\Users\sagar\naks.io\node_modules\@emnapi\runtime
npm verb reify failed optional dependency C:\Users\sagar\naks.io\node_modules\@tybys\wasm-util
npm verb reify failed optional dependency C:\Users\sagar\naks.io\node_modules\@emnapi\wasi-threads
npm verb reify failed optional dependency C:\Users\sagar\naks.io\node_modules\@emnapi\core\node_modules\tslib
npm verb reify failed optional dependency C:\Users\sagar\naks.io\node_modules\@emnapi\runtime\node_modules\tslib
npm verb reify failed optional dependency C:\Users\sagar\naks.io\node_modules\@tybys\wasm-util\node_modules\tslib
npm verb reify failed optional dependency C:\Users\sagar\naks.io\node_modules\@emnapi\wasi-threads\node_modules\tslib
npm verb reify failed optional dependency C:\Users\sagar\naks.io\node_modules\@unrs\resolver-binding-linux-x64-musl
npm verb reify failed optional dependency C:\Users\sagar\naks.io\node_modules\@unrs\resolver-binding-linux-x64-gnu
npm verb reify failed optional dependency C:\Users\sagar\naks.io\node_modules\@unrs\resolver-binding-linux-s390x-gnu
npm verb reify failed optional dependency C:\Users\sagar\naks.io\node_modules\@unrs\resolver-binding-linux-riscv64-musl
npm verb reify failed optional dependency C:\Users\sagar\naks.io\node_modules\@unrs\resolver-binding-linux-riscv64-gnu
npm verb reify failed optional dependency C:\Users\sagar\naks.io\node_modules\@unrs\resolver-binding-linux-ppc64-gnu
npm verb reify failed optional dependency C:\Users\sagar\naks.io\node_modules\@unrs\resolver-binding-linux-arm64-musl
npm verb reify failed optional dependency C:\Users\sagar\naks.io\node_modules\@unrs\resolver-binding-linux-arm64-gnu
npm verb reify failed optional dependency C:\Users\sagar\naks.io\node_modules\@unrs\resolver-binding-linux-arm-musleabihf
npm verb reify failed optional dependency C:\Users\sagar\naks.io\node_modules\@unrs\resolver-binding-linux-arm-gnueabihf
npm verb reify failed optional dependency C:\Users\sagar\naks.io\node_modules\@unrs\resolver-binding-freebsd-x64
npm verb reify failed optional dependency C:\Users\sagar\naks.io\node_modules\@unrs\resolver-binding-darwin-x64
npm verb reify failed optional dependency C:\Users\sagar\naks.io\node_modules\@unrs\resolver-binding-darwin-arm64
npm verb reify failed optional dependency C:\Users\sagar\naks.io\node_modules\@unrs\resolver-binding-android-arm64
npm verb reify failed optional dependency C:\Users\sagar\naks.io\node_modules\@unrs\resolver-binding-android-arm-eabi
npm verb reify failed optional dependency C:\Users\sagar\naks.io\node_modules\@next\swc-win32-ia32-msvc
npm verb reify failed optional dependency C:\Users\sagar\naks.io\node_modules\@next\swc-win32-arm64-msvc
npm verb reify failed optional dependency C:\Users\sagar\naks.io\node_modules\@next\swc-linux-x64-musl
npm verb reify failed optional dependency C:\Users\sagar\naks.io\node_modules\@next\swc-linux-x64-gnu
npm verb reify failed optional dependency C:\Users\sagar\naks.io\node_modules\@next\swc-linux-arm64-musl
npm verb reify failed optional dependency C:\Users\sagar\naks.io\node_modules\@next\swc-linux-arm64-gnu
npm verb reify failed optional dependency C:\Users\sagar\naks.io\node_modules\@next\swc-darwin-x64
npm verb reify failed optional dependency C:\Users\sagar\naks.io\node_modules\@next\swc-darwin-arm64
npm http fetch POST 200 https://registry.npmjs.org/-/npm/v1/security/advisories/bulk 7044ms
npm WARN deprecated inflight@1.0.6: This module is not supported, and leaks memory. Do not use it. Check out lru-cache if you want a good and tested way to coalesce async requests by a key value, which is much more comprehensive and powerful.
npm WARN deprecated @humanwhocodes/config-array@0.13.0: Use @eslint/config-array instead
npm WARN deprecated multiaddr-to-uri@8.0.0: This module is deprecated, please upgrade to @multiformats/multiaddr-to-uri
npm WARN deprecated rimraf@3.0.2: Rimraf versions prior to v4 are no longer supported
npm WARN deprecated glob@8.1.0: Glob versions prior to v9 are no longer supported
npm WARN deprecated glob@7.1.7: Glob versions prior to v9 are no longer supported
npm WARN deprecated @supabase/auth-helpers-shared@0.6.3: This package is now deprecated - please use the @supabase/ssr package instead.
npm WARN deprecated @humanwhocodes/object-schema@2.0.3: Use @eslint/object-schema instead
npm WARN deprecated @supabase/auth-helpers-nextjs@0.8.7: This package is now deprecated - please use the @supabase/ssr package instead.
npm WARN deprecated multiaddr@10.0.1: This module is deprecated, please upgrade to @multiformats/multiaddr
npm WARN deprecated node-domexception@1.0.0: Use your platform's native DOMException instead
npm WARN deprecated web3.storage@4.5.5: This client is for the old web3.storage API, sunset on Jan 9 2024. Use the new web3.storage client and API instead: @web3-storage/w3up-client.
npm WARN deprecated ipfs-core-types@0.8.4: js-IPFS has been deprecated in favour of Helia - please see https://github.com/ipfs/js-ipfs/issues/4336 for details
npm WARN deprecated ipfs-core-utils@0.12.2: js-IPFS has been deprecated in favour of Helia - please see https://github.com/ipfs/js-ipfs/issues/4336 for details
npm WARN deprecated eslint@8.57.1: This version is no longer supported. Please see https://eslint.org/version-support for other options.
npm info run keccak@3.0.4 install node_modules/keccak node-gyp-build || exit 0
npm info run keccak@3.0.4 install { code: 0, signal: null }
npm info run protobufjs@6.11.4 postinstall node_modules/protobufjs node scripts/postinstall
npm info run supabase@1.226.4 postinstall node_modules/supabase node scripts/postinstall.js
npm info run unrs-resolver@1.11.1 postinstall node_modules/unrs-resolver napi-postinstall unrs-resolver 1.11.1 check
npm info run unrs-resolver@1.11.1 postinstall { code: 1, signal: null }
npm info run protobufjs@6.11.4 postinstall { code: 0, signal: null }
npm info run supabase@1.226.4 postinstall { code: 1, signal: null }
npm WARN cleanup Failed to remove some directories [
npm WARN cleanup   [
npm WARN cleanup     'C:\\Users\\sagar\\naks.io\\node_modules\\protobufjs',
npm WARN cleanup     [Error: EBUSY: resource busy or locked, rmdir 'C:\Users\sagar\naks.io\node_modules\protobufjs'] {
npm WARN cleanup       errno: -4082,
npm WARN cleanup       code: 'EBUSY',
npm WARN cleanup       syscall: 'rmdir',
npm WARN cleanup       path: 'C:\\Users\\sagar\\naks.io\\node_modules\\protobufjs'
npm WARN cleanup     }
npm WARN cleanup   ],
npm WARN cleanup   [
npm WARN cleanup     'C:\\Users\\sagar\\naks.io\\node_modules\\supabase',
npm WARN cleanup     [Error: EBUSY: resource busy or locked, rmdir 'C:\Users\sagar\naks.io\node_modules\supabase'] {
npm WARN cleanup       errno: -4082,
npm WARN cleanup       code: 'EBUSY',
npm WARN cleanup       syscall: 'rmdir',
npm WARN cleanup       path: 'C:\\Users\\sagar\\naks.io\\node_modules\\supabase'
npm WARN cleanup     }
npm WARN cleanup   ],
npm WARN cleanup   [
npm WARN cleanup     'C:\\Users\\sagar\\naks.io\\node_modules',
npm WARN cleanup     [Error: EBUSY: resource busy or locked, rmdir 'C:\Users\sagar\naks.io\node_modules\supabase'] {
npm WARN cleanup       errno: -4082,
npm WARN cleanup       code: 'EBUSY',
npm WARN cleanup       syscall: 'rmdir',
npm WARN cleanup       path: 'C:\\Users\\sagar\\naks.io\\node_modules\\supabase'
npm WARN cleanup     }
npm WARN cleanup   ]
npm WARN cleanup ]
npm verb stack Error: command failed
npm verb stack     at ChildProcess.<anonymous> (C:\Users\sagar\AppData\Local\nvm\v20.11.0\node_modules\npm\node_modules\@npmcli\promise-spawn\lib\index.js:53:27)
npm verb stack     at ChildProcess.emit (node:events:518:28)
npm verb stack     at maybeClose (node:internal/child_process:1105:16)
npm verb stack     at ChildProcess._handle.onexit (node:internal/child_process:305:5)
npm verb pkgid unrs-resolver@1.11.1
npm verb cwd C:\Users\sagar\naks.io
npm verb Windows_NT 10.0.26100
npm verb node v20.11.0
npm verb npm  v10.2.4
npm ERR! code 1
npm ERR! path C:\Users\sagar\naks.io\node_modules\unrs-resolver
npm ERR! command failed
npm ERR! command C:\WINDOWS\system32\cmd.exe /d /s /c napi-postinstall unrs-resolver 1.11.1 check
npm ERR! 'napi-postinstall' is not recognized as an internal or external command,
npm ERR! operable program or batch file.
npm verb exit 1
npm verb unfinished npm timer reify 1757583255739
npm verb unfinished npm timer reify:build 1757583336762
npm verb unfinished npm timer build 1757583336765
npm verb unfinished npm timer build:deps 1757583336766
npm verb unfinished npm timer build:run:postinstall 1757583336930
npm verb unfinished npm timer build:run:postinstall:node_modules/supabase 1757583336978
npm verb unfinished npm timer build:run:postinstall:node_modules/unrs-resolver 1757583337057
npm verb code 1

npm ERR! A complete log of this run can be found in: C:\Users\sagar\AppData\Local\npm-cache\_logs\2025-09-11T09_34_14_788Z-debug-0.log
